{
  "0 debug pnpm:scope": {
    "selected": 1
  },
  "1 debug pnpm:package-manifest": {
    "initial": {},
    "prefix": "/Users/sftc/.pnpm-store/v3/tmp/_npx/51825/5"
  },
  "2 debug pnpm:context": {
    "currentLockfileExists": false,
    "storeDir": "/Users/sftc/.pnpm-store/v3",
    "virtualStoreDir": "/Users/sftc/.pnpm-store/v3/tmp/_npx/51825/5/node_modules/.pnpm"
  },
  "3 debug pnpm:stage": {
    "prefix": "/Users/sftc/.pnpm-store/v3/tmp/_npx/51825/5",
    "stage": "resolution_started"
  },
  "4 debug pnpm:_dependency_resolved": {
    "resolution": "registry.npmmirror.com/playwright/1.18.0",
    "wanted": {
      "dependentId": ".",
      "name": "playwright",
      "rawSpec": "latest"
    }
  },
  "5 debug pnpm:progress": {
    "packageId": "registry.npmmirror.com/playwright/1.18.0",
    "requester": "/Users/sftc/.pnpm-store/v3/tmp/_npx/51825/5",
    "status": "resolved"
  },
  "6 debug pnpm:progress": {
    "packageId": "registry.npmmirror.com/playwright/1.18.0",
    "requester": "/Users/sftc/.pnpm-store/v3/tmp/_npx/51825/5",
    "status": "found_in_store"
  },
  "7 debug pnpm:_dependency_resolved": {
    "resolution": "registry.npmmirror.com/playwright-core/1.18.0",
    "wanted": {
      "dependentId": "registry.npmmirror.com/playwright/1.18.0",
      "name": "playwright-core",
      "rawSpec": "=1.18.0"
    }
  },
  "8 debug pnpm:progress": {
    "packageId": "registry.npmmirror.com/playwright-core/1.18.0",
    "requester": "/Users/sftc/.pnpm-store/v3/tmp/_npx/51825/5",
    "status": "resolved"
  },
  "9 debug pnpm:progress": {
    "packageId": "registry.npmmirror.com/playwright-core/1.18.0",
    "requester": "/Users/sftc/.pnpm-store/v3/tmp/_npx/51825/5",
    "status": "found_in_store"
  },
  "10 debug pnpm:_dependency_resolved": {
    "resolution": "registry.npmmirror.com/commander/8.3.0",
    "wanted": {
      "dependentId": "registry.npmmirror.com/playwright-core/1.18.0",
      "name": "commander",
      "rawSpec": "^8.2.0"
    }
  },
  "11 debug pnpm:progress": {
    "packageId": "registry.npmmirror.com/commander/8.3.0",
    "requester": "/Users/sftc/.pnpm-store/v3/tmp/_npx/51825/5",
    "status": "resolved"
  },
  "12 debug pnpm:progress": {
    "packageId": "registry.npmmirror.com/commander/8.3.0",
    "requester": "/Users/sftc/.pnpm-store/v3/tmp/_npx/51825/5",
    "status": "found_in_store"
  },
  "13 debug pnpm:_dependency_resolved": {
    "resolution": "registry.nlark.com/stack-utils/2.0.5",
    "wanted": {
      "dependentId": "registry.npmmirror.com/playwright-core/1.18.0",
      "name": "stack-utils",
      "rawSpec": "^2.0.3"
    }
  },
  "14 debug pnpm:progress": {
    "packageId": "registry.nlark.com/stack-utils/2.0.5",
    "requester": "/Users/sftc/.pnpm-store/v3/tmp/_npx/51825/5",
    "status": "resolved"
  },
  "15 debug pnpm:_dependency_resolved": {
    "resolution": "registry.npmmirror.com/rimraf/3.0.2",
    "wanted": {
      "dependentId": "registry.npmmirror.com/playwright-core/1.18.0",
      "name": "rimraf",
      "rawSpec": "^3.0.2"
    }
  },
  "16 debug pnpm:progress": {
    "packageId": "registry.npmmirror.com/rimraf/3.0.2",
    "requester": "/Users/sftc/.pnpm-store/v3/tmp/_npx/51825/5",
    "status": "resolved"
  },
  "17 debug pnpm:_dependency_resolved": {
    "resolution": "registry.npmmirror.com/mime/2.6.0",
    "wanted": {
      "dependentId": "registry.npmmirror.com/playwright-core/1.18.0",
      "name": "mime",
      "rawSpec": "^2.4.6"
    }
  },
  "18 debug pnpm:progress": {
    "packageId": "registry.npmmirror.com/mime/2.6.0",
    "requester": "/Users/sftc/.pnpm-store/v3/tmp/_npx/51825/5",
    "status": "resolved"
  },
  "19 debug pnpm:progress": {
    "packageId": "registry.nlark.com/stack-utils/2.0.5",
    "requester": "/Users/sftc/.pnpm-store/v3/tmp/_npx/51825/5",
    "status": "found_in_store"
  },
  "20 debug pnpm:progress": {
    "packageId": "registry.npmmirror.com/rimraf/3.0.2",
    "requester": "/Users/sftc/.pnpm-store/v3/tmp/_npx/51825/5",
    "status": "found_in_store"
  },
  "21 debug pnpm:progress": {
    "packageId": "registry.npmmirror.com/mime/2.6.0",
    "requester": "/Users/sftc/.pnpm-store/v3/tmp/_npx/51825/5",
    "status": "found_in_store"
  },
  "22 debug pnpm:_dependency_resolved": {
    "resolution": "registry.npmmirror.com/progress/2.0.3",
    "wanted": {
      "dependentId": "registry.npmmirror.com/playwright-core/1.18.0",
      "name": "progress",
      "rawSpec": "^2.0.3"
    }
  },
  "23 debug pnpm:progress": {
    "packageId": "registry.npmmirror.com/progress/2.0.3",
    "requester": "/Users/sftc/.pnpm-store/v3/tmp/_npx/51825/5",
    "status": "resolved"
  },
  "24 debug pnpm:progress": {
    "packageId": "registry.npmmirror.com/progress/2.0.3",
    "requester": "/Users/sftc/.pnpm-store/v3/tmp/_npx/51825/5",
    "status": "found_in_store"
  },
  "25 debug pnpm:_dependency_resolved": {
    "resolution": "registry.npmmirror.com/debug/4.3.3",
    "wanted": {
      "dependentId": "registry.npmmirror.com/playwright-core/1.18.0",
      "name": "debug",
      "rawSpec": "^4.1.1"
    }
  },
  "26 debug pnpm:progress": {
    "packageId": "registry.npmmirror.com/debug/4.3.3",
    "requester": "/Users/sftc/.pnpm-store/v3/tmp/_npx/51825/5",
    "status": "resolved"
  },
  "27 debug pnpm:progress": {
    "packageId": "registry.npmmirror.com/debug/4.3.3",
    "requester": "/Users/sftc/.pnpm-store/v3/tmp/_npx/51825/5",
    "status": "found_in_store"
  },
  "28 debug pnpm:_dependency_resolved": {
    "resolution": "registry.nlark.com/extract-zip/2.0.1",
    "wanted": {
      "dependentId": "registry.npmmirror.com/playwright-core/1.18.0",
      "name": "extract-zip",
      "rawSpec": "^2.0.1"
    }
  },
  "29 debug pnpm:progress": {
    "packageId": "registry.nlark.com/extract-zip/2.0.1",
    "requester": "/Users/sftc/.pnpm-store/v3/tmp/_npx/51825/5",
    "status": "resolved"
  },
  "30 debug pnpm:_dependency_resolved": {
    "resolution": "registry.nlark.com/pngjs/5.0.0",
    "wanted": {
      "dependentId": "registry.npmmirror.com/playwright-core/1.18.0",
      "name": "pngjs",
      "rawSpec": "^5.0.0"
    }
  },
  "31 debug pnpm:progress": {
    "packageId": "registry.nlark.com/pngjs/5.0.0",
    "requester": "/Users/sftc/.pnpm-store/v3/tmp/_npx/51825/5",
    "status": "resolved"
  },
  "32 debug pnpm:_dependency_resolved": {
    "resolution": "registry.nlark.com/jpeg-js/0.4.3",
    "wanted": {
      "dependentId": "registry.npmmirror.com/playwright-core/1.18.0",
      "name": "jpeg-js",
      "rawSpec": "^0.4.2"
    }
  },
  "33 debug pnpm:progress": {
    "packageId": "registry.nlark.com/jpeg-js/0.4.3",
    "requester": "/Users/sftc/.pnpm-store/v3/tmp/_npx/51825/5",
    "status": "resolved"
  },
  "34 debug pnpm:_dependency_resolved": {
    "resolution": "registry.nlark.com/yazl/2.5.1",
    "wanted": {
      "dependentId": "registry.npmmirror.com/playwright-core/1.18.0",
      "name": "yazl",
      "rawSpec": "^2.5.1"
    }
  },
  "35 debug pnpm:progress": {
    "packageId": "registry.nlark.com/yazl/2.5.1",
    "requester": "/Users/sftc/.pnpm-store/v3/tmp/_npx/51825/5",
    "status": "resolved"
  },
  "36 debug pnpm:_dependency_resolved": {
    "resolution": "registry.nlark.com/https-proxy-agent/5.0.0",
    "wanted": {
      "dependentId": "registry.npmmirror.com/playwright-core/1.18.0",
      "name": "https-proxy-agent",
      "rawSpec": "^5.0.0"
    }
  },
  "37 debug pnpm:progress": {
    "packageId": "registry.nlark.com/https-proxy-agent/5.0.0",
    "requester": "/Users/sftc/.pnpm-store/v3/tmp/_npx/51825/5",
    "status": "resolved"
  },
  "38 debug pnpm:_dependency_resolved": {
    "resolution": "registry.nlark.com/proxy-from-env/1.1.0",
    "wanted": {
      "dependentId": "registry.npmmirror.com/playwright-core/1.18.0",
      "name": "proxy-from-env",
      "rawSpec": "^1.1.0"
    }
  },
  "39 debug pnpm:progress": {
    "packageId": "registry.nlark.com/proxy-from-env/1.1.0",
    "requester": "/Users/sftc/.pnpm-store/v3/tmp/_npx/51825/5",
    "status": "resolved"
  },
  "40 debug pnpm:_dependency_resolved": {
    "resolution": "registry.nlark.com/yauzl/2.10.0",
    "wanted": {
      "dependentId": "registry.npmmirror.com/playwright-core/1.18.0",
      "name": "yauzl",
      "rawSpec": "^2.10.0"
    }
  },
  "41 debug pnpm:progress": {
    "packageId": "registry.nlark.com/yauzl/2.10.0",
    "requester": "/Users/sftc/.pnpm-store/v3/tmp/_npx/51825/5",
    "status": "resolved"
  },
  "42 debug pnpm:_dependency_resolved": {
    "resolution": "registry.nlark.com/proper-lockfile/4.1.2",
    "wanted": {
      "dependentId": "registry.npmmirror.com/playwright-core/1.18.0",
      "name": "proper-lockfile",
      "rawSpec": "^4.1.1"
    }
  },
  "43 debug pnpm:progress": {
    "packageId": "registry.nlark.com/proper-lockfile/4.1.2",
    "requester": "/Users/sftc/.pnpm-store/v3/tmp/_npx/51825/5",
    "status": "resolved"
  },
  "44 debug pnpm:_dependency_resolved": {
    "resolution": "registry.npmmirror.com/ws/7.5.6",
    "wanted": {
      "dependentId": "registry.npmmirror.com/playwright-core/1.18.0",
      "name": "ws",
      "rawSpec": "^7.4.6"
    }
  },
  "45 debug pnpm:progress": {
    "packageId": "registry.npmmirror.com/ws/7.5.6",
    "requester": "/Users/sftc/.pnpm-store/v3/tmp/_npx/51825/5",
    "status": "resolved"
  },
  "46 debug pnpm:progress": {
    "packageId": "registry.nlark.com/pngjs/5.0.0",
    "requester": "/Users/sftc/.pnpm-store/v3/tmp/_npx/51825/5",
    "status": "found_in_store"
  },
  "47 debug pnpm:progress": {
    "packageId": "registry.nlark.com/extract-zip/2.0.1",
    "requester": "/Users/sftc/.pnpm-store/v3/tmp/_npx/51825/5",
    "status": "found_in_store"
  },
  "48 debug pnpm:progress": {
    "packageId": "registry.nlark.com/jpeg-js/0.4.3",
    "requester": "/Users/sftc/.pnpm-store/v3/tmp/_npx/51825/5",
    "status": "found_in_store"
  },
  "49 debug pnpm:progress": {
    "packageId": "registry.nlark.com/yazl/2.5.1",
    "requester": "/Users/sftc/.pnpm-store/v3/tmp/_npx/51825/5",
    "status": "found_in_store"
  },
  "50 debug pnpm:progress": {
    "packageId": "registry.nlark.com/https-proxy-agent/5.0.0",
    "requester": "/Users/sftc/.pnpm-store/v3/tmp/_npx/51825/5",
    "status": "found_in_store"
  },
  "51 debug pnpm:progress": {
    "packageId": "registry.nlark.com/proxy-from-env/1.1.0",
    "requester": "/Users/sftc/.pnpm-store/v3/tmp/_npx/51825/5",
    "status": "found_in_store"
  },
  "52 debug pnpm:progress": {
    "packageId": "registry.nlark.com/yauzl/2.10.0",
    "requester": "/Users/sftc/.pnpm-store/v3/tmp/_npx/51825/5",
    "status": "found_in_store"
  },
  "53 debug pnpm:progress": {
    "packageId": "registry.nlark.com/proper-lockfile/4.1.2",
    "requester": "/Users/sftc/.pnpm-store/v3/tmp/_npx/51825/5",
    "status": "found_in_store"
  },
  "54 debug pnpm:progress": {
    "packageId": "registry.npmmirror.com/ws/7.5.6",
    "requester": "/Users/sftc/.pnpm-store/v3/tmp/_npx/51825/5",
    "status": "found_in_store"
  },
  "55 debug pnpm:_dependency_resolved": {
    "resolution": "registry.npmmirror.com/socks-proxy-agent/6.1.1",
    "wanted": {
      "dependentId": "registry.npmmirror.com/playwright-core/1.18.0",
      "name": "socks-proxy-agent",
      "rawSpec": "^6.1.0"
    }
  },
  "56 debug pnpm:progress": {
    "packageId": "registry.npmmirror.com/socks-proxy-agent/6.1.1",
    "requester": "/Users/sftc/.pnpm-store/v3/tmp/_npx/51825/5",
    "status": "resolved"
  },
  "57 debug pnpm:_dependency_resolved": {
    "resolution": "registry.npmmirror.com/debug/4.3.3",
    "wanted": {
      "dependentId": "registry.nlark.com/extract-zip/2.0.1",
      "name": "debug",
      "rawSpec": "^4.1.1"
    }
  },
  "58 debug pnpm:_dependency_resolved": {
    "resolution": "registry.nlark.com/yauzl/2.10.0",
    "wanted": {
      "dependentId": "registry.nlark.com/extract-zip/2.0.1",
      "name": "yauzl",
      "rawSpec": "^2.10.0"
    }
  },
  "59 debug pnpm:_dependency_resolved": {
    "resolution": "registry.npmmirror.com/debug/4.3.3",
    "wanted": {
      "dependentId": "registry.nlark.com/https-proxy-agent/5.0.0",
      "name": "debug",
      "rawSpec": "4"
    }
  },
  "60 debug pnpm:_dependency_resolved": {
    "resolution": "registry.npmmirror.com/debug/4.3.3",
    "wanted": {
      "dependentId": "registry.npmmirror.com/socks-proxy-agent/6.1.1",
      "name": "debug",
      "rawSpec": "^4.3.1"
    }
  },
  "61 debug pnpm:_dependency_resolved": {
    "resolution": "registry.npmmirror.com/ms/2.1.2",
    "wanted": {
      "dependentId": "registry.npmmirror.com/debug/4.3.3",
      "name": "ms",
      "rawSpec": "2.1.2"
    }
  },
  "62 debug pnpm:progress": {
    "packageId": "registry.npmmirror.com/ms/2.1.2",
    "requester": "/Users/sftc/.pnpm-store/v3/tmp/_npx/51825/5",
    "status": "resolved"
  },
  "63 debug pnpm:progress": {
    "packageId": "registry.npmmirror.com/socks-proxy-agent/6.1.1",
    "requester": "/Users/sftc/.pnpm-store/v3/tmp/_npx/51825/5",
    "status": "found_in_store"
  },
  "64 debug pnpm:progress": {
    "packageId": "registry.npmmirror.com/ms/2.1.2",
    "requester": "/Users/sftc/.pnpm-store/v3/tmp/_npx/51825/5",
    "status": "found_in_store"
  },
  "65 debug pnpm:_dependency_resolved": {
    "resolution": "registry.nlark.com/get-stream/5.2.0",
    "wanted": {
      "dependentId": "registry.nlark.com/extract-zip/2.0.1",
      "name": "get-stream",
      "rawSpec": "^5.1.0"
    }
  },
  "66 debug pnpm:progress": {
    "packageId": "registry.nlark.com/get-stream/5.2.0",
    "requester": "/Users/sftc/.pnpm-store/v3/tmp/_npx/51825/5",
    "status": "resolved"
  },
  "67 debug pnpm:_dependency_resolved": {
    "resolution": "registry.nlark.com/retry/0.12.0",
    "wanted": {
      "dependentId": "registry.nlark.com/proper-lockfile/4.1.2",
      "name": "retry",
      "rawSpec": "^0.12.0"
    }
  },
  "68 debug pnpm:progress": {
    "packageId": "registry.nlark.com/retry/0.12.0",
    "requester": "/Users/sftc/.pnpm-store/v3/tmp/_npx/51825/5",
    "status": "resolved"
  },
  "69 debug pnpm:_dependency_resolved": {
    "resolution": "registry.npmmirror.com/graceful-fs/4.2.9",
    "wanted": {
      "dependentId": "registry.nlark.com/proper-lockfile/4.1.2",
      "name": "graceful-fs",
      "rawSpec": "^4.2.4"
    }
  },
  "70 debug pnpm:progress": {
    "packageId": "registry.npmmirror.com/graceful-fs/4.2.9",
    "requester": "/Users/sftc/.pnpm-store/v3/tmp/_npx/51825/5",
    "status": "resolved"
  },
  "71 debug pnpm:progress": {
    "packageId": "registry.nlark.com/get-stream/5.2.0",
    "requester": "/Users/sftc/.pnpm-store/v3/tmp/_npx/51825/5",
    "status": "found_in_store"
  },
  "72 debug pnpm:progress": {
    "packageId": "registry.nlark.com/retry/0.12.0",
    "requester": "/Users/sftc/.pnpm-store/v3/tmp/_npx/51825/5",
    "status": "found_in_store"
  },
  "73 debug pnpm:progress": {
    "packageId": "registry.npmmirror.com/graceful-fs/4.2.9",
    "requester": "/Users/sftc/.pnpm-store/v3/tmp/_npx/51825/5",
    "status": "found_in_store"
  },
  "74 debug pnpm:_dependency_resolved": {
    "resolution": "registry.nlark.com/fd-slicer/1.1.0",
    "wanted": {
      "dependentId": "registry.nlark.com/yauzl/2.10.0",
      "name": "fd-slicer",
      "rawSpec": "~1.1.0"
    }
  },
  "75 debug pnpm:progress": {
    "packageId": "registry.nlark.com/fd-slicer/1.1.0",
    "requester": "/Users/sftc/.pnpm-store/v3/tmp/_npx/51825/5",
    "status": "resolved"
  },
  "76 debug pnpm:_dependency_resolved": {
    "resolution": "registry.nlark.com/socks/2.6.1",
    "wanted": {
      "dependentId": "registry.npmmirror.com/socks-proxy-agent/6.1.1",
      "name": "socks",
      "rawSpec": "^2.6.1"
    }
  },
  "77 debug pnpm:progress": {
    "packageId": "registry.nlark.com/socks/2.6.1",
    "requester": "/Users/sftc/.pnpm-store/v3/tmp/_npx/51825/5",
    "status": "resolved"
  },
  "78 debug pnpm:_dependency_resolved": {
    "resolution": "registry.nlark.com/buffer-crc32/0.2.13",
    "wanted": {
      "dependentId": "registry.nlark.com/yazl/2.5.1",
      "name": "buffer-crc32",
      "rawSpec": "~0.2.3"
    }
  },
  "79 debug pnpm:progress": {
    "packageId": "registry.nlark.com/buffer-crc32/0.2.13",
    "requester": "/Users/sftc/.pnpm-store/v3/tmp/_npx/51825/5",
    "status": "resolved"
  },
  "80 debug pnpm:_dependency_resolved": {
    "resolution": "registry.nlark.com/buffer-crc32/0.2.13",
    "wanted": {
      "dependentId": "registry.nlark.com/yauzl/2.10.0",
      "name": "buffer-crc32",
      "rawSpec": "~0.2.3"
    }
  },
  "81 debug pnpm:_dependency_resolved": {
    "resolution": "registry.nlark.com/escape-string-regexp/2.0.0",
    "wanted": {
      "dependentId": "registry.nlark.com/stack-utils/2.0.5",
      "name": "escape-string-regexp",
      "rawSpec": "^2.0.0"
    }
  },
  "82 debug pnpm:progress": {
    "packageId": "registry.nlark.com/escape-string-regexp/2.0.0",
    "requester": "/Users/sftc/.pnpm-store/v3/tmp/_npx/51825/5",
    "status": "resolved"
  },
  "83 debug pnpm:_dependency_resolved": {
    "resolution": "registry.npmmirror.com/@types/yauzl/2.9.2",
    "wanted": {
      "dependentId": "registry.nlark.com/extract-zip/2.0.1",
      "name": "@types/yauzl",
      "rawSpec": "^2.9.1"
    }
  },
  "84 debug pnpm:progress": {
    "packageId": "registry.npmmirror.com/@types/yauzl/2.9.2",
    "requester": "/Users/sftc/.pnpm-store/v3/tmp/_npx/51825/5",
    "status": "resolved"
  },
  "85 debug pnpm:_dependency_resolved": {
    "resolution": "registry.nlark.com/agent-base/6.0.2",
    "wanted": {
      "dependentId": "registry.nlark.com/https-proxy-agent/5.0.0",
      "name": "agent-base",
      "rawSpec": "6"
    }
  },
  "86 debug pnpm:progress": {
    "packageId": "registry.nlark.com/agent-base/6.0.2",
    "requester": "/Users/sftc/.pnpm-store/v3/tmp/_npx/51825/5",
    "status": "resolved"
  },
  "87 debug pnpm:_dependency_resolved": {
    "resolution": "registry.nlark.com/agent-base/6.0.2",
    "wanted": {
      "dependentId": "registry.npmmirror.com/socks-proxy-agent/6.1.1",
      "name": "agent-base",
      "rawSpec": "^6.0.2"
    }
  },
  "88 debug pnpm:_dependency_resolved": {
    "resolution": "registry.npmmirror.com/debug/4.3.3",
    "wanted": {
      "dependentId": "registry.nlark.com/agent-base/6.0.2",
      "name": "debug",
      "rawSpec": "4"
    }
  },
  "89 debug pnpm:_dependency_resolved": {
    "resolution": "registry.npmmirror.com/signal-exit/3.0.6",
    "wanted": {
      "dependentId": "registry.nlark.com/proper-lockfile/4.1.2",
      "name": "signal-exit",
      "rawSpec": "^3.0.2"
    }
  },
  "90 debug pnpm:progress": {
    "packageId": "registry.npmmirror.com/signal-exit/3.0.6",
    "requester": "/Users/sftc/.pnpm-store/v3/tmp/_npx/51825/5",
    "status": "resolved"
  },
  "91 debug pnpm:progress": {
    "packageId": "registry.nlark.com/fd-slicer/1.1.0",
    "requester": "/Users/sftc/.pnpm-store/v3/tmp/_npx/51825/5",
    "status": "found_in_store"
  },
  "92 debug pnpm:progress": {
    "packageId": "registry.nlark.com/socks/2.6.1",
    "requester": "/Users/sftc/.pnpm-store/v3/tmp/_npx/51825/5",
    "status": "found_in_store"
  },
  "93 debug pnpm:progress": {
    "packageId": "registry.nlark.com/buffer-crc32/0.2.13",
    "requester": "/Users/sftc/.pnpm-store/v3/tmp/_npx/51825/5",
    "status": "found_in_store"
  },
  "94 debug pnpm:progress": {
    "packageId": "registry.nlark.com/escape-string-regexp/2.0.0",
    "requester": "/Users/sftc/.pnpm-store/v3/tmp/_npx/51825/5",
    "status": "found_in_store"
  },
  "95 debug pnpm:progress": {
    "packageId": "registry.npmmirror.com/@types/yauzl/2.9.2",
    "requester": "/Users/sftc/.pnpm-store/v3/tmp/_npx/51825/5",
    "status": "found_in_store"
  },
  "96 debug pnpm:progress": {
    "packageId": "registry.nlark.com/agent-base/6.0.2",
    "requester": "/Users/sftc/.pnpm-store/v3/tmp/_npx/51825/5",
    "status": "found_in_store"
  },
  "97 debug pnpm:progress": {
    "packageId": "registry.npmmirror.com/signal-exit/3.0.6",
    "requester": "/Users/sftc/.pnpm-store/v3/tmp/_npx/51825/5",
    "status": "found_in_store"
  },
  "98 debug pnpm:_dependency_resolved": {
    "resolution": "registry.npmmirror.com/glob/7.2.0",
    "wanted": {
      "dependentId": "registry.npmmirror.com/rimraf/3.0.2",
      "name": "glob",
      "rawSpec": "^7.1.3"
    }
  },
  "99 debug pnpm:progress": {
    "packageId": "registry.npmmirror.com/glob/7.2.0",
    "requester": "/Users/sftc/.pnpm-store/v3/tmp/_npx/51825/5",
    "status": "resolved"
  },
  "100 debug pnpm:progress": {
    "packageId": "registry.npmmirror.com/glob/7.2.0",
    "requester": "/Users/sftc/.pnpm-store/v3/tmp/_npx/51825/5",
    "status": "found_in_store"
  },
  "101 debug pnpm:_dependency_resolved": {
    "resolution": "registry.nlark.com/pump/3.0.0",
    "wanted": {
      "dependentId": "registry.nlark.com/get-stream/5.2.0",
      "name": "pump",
      "rawSpec": "^3.0.0"
    }
  },
  "102 debug pnpm:progress": {
    "packageId": "registry.nlark.com/pump/3.0.0",
    "requester": "/Users/sftc/.pnpm-store/v3/tmp/_npx/51825/5",
    "status": "resolved"
  },
  "103 debug pnpm:progress": {
    "packageId": "registry.nlark.com/pump/3.0.0",
    "requester": "/Users/sftc/.pnpm-store/v3/tmp/_npx/51825/5",
    "status": "found_in_store"
  },
  "104 debug pnpm:_dependency_resolved": {
    "resolution": "registry.nlark.com/ip/1.1.5",
    "wanted": {
      "dependentId": "registry.nlark.com/socks/2.6.1",
      "name": "ip",
      "rawSpec": "^1.1.5"
    }
  },
  "105 debug pnpm:progress": {
    "packageId": "registry.nlark.com/ip/1.1.5",
    "requester": "/Users/sftc/.pnpm-store/v3/tmp/_npx/51825/5",
    "status": "resolved"
  },
  "106 debug pnpm:progress": {
    "packageId": "registry.nlark.com/ip/1.1.5",
    "requester": "/Users/sftc/.pnpm-store/v3/tmp/_npx/51825/5",
    "status": "found_in_store"
  },
  "107 debug pnpm:_dependency_resolved": {
    "resolution": "registry.nlark.com/pend/1.2.0",
    "wanted": {
      "dependentId": "registry.nlark.com/fd-slicer/1.1.0",
      "name": "pend",
      "rawSpec": "~1.2.0"
    }
  },
  "108 debug pnpm:progress": {
    "packageId": "registry.nlark.com/pend/1.2.0",
    "requester": "/Users/sftc/.pnpm-store/v3/tmp/_npx/51825/5",
    "status": "resolved"
  },
  "109 debug pnpm:progress": {
    "packageId": "registry.nlark.com/pend/1.2.0",
    "requester": "/Users/sftc/.pnpm-store/v3/tmp/_npx/51825/5",
    "status": "found_in_store"
  },
  "110 debug pnpm:_dependency_resolved": {
    "resolution": "registry.nlark.com/inherits/2.0.4",
    "wanted": {
      "dependentId": "registry.npmmirror.com/glob/7.2.0",
      "name": "inherits",
      "rawSpec": "2"
    }
  },
  "111 debug pnpm:progress": {
    "packageId": "registry.nlark.com/inherits/2.0.4",
    "requester": "/Users/sftc/.pnpm-store/v3/tmp/_npx/51825/5",
    "status": "resolved"
  },
  "112 debug pnpm:_dependency_resolved": {
    "resolution": "registry.nlark.com/once/1.4.0",
    "wanted": {
      "dependentId": "registry.npmmirror.com/glob/7.2.0",
      "name": "once",
      "rawSpec": "^1.3.0"
    }
  },
  "113 debug pnpm:progress": {
    "packageId": "registry.nlark.com/once/1.4.0",
    "requester": "/Users/sftc/.pnpm-store/v3/tmp/_npx/51825/5",
    "status": "resolved"
  },
  "114 debug pnpm:_dependency_resolved": {
    "resolution": "registry.nlark.com/once/1.4.0",
    "wanted": {
      "dependentId": "registry.nlark.com/pump/3.0.0",
      "name": "once",
      "rawSpec": "^1.3.1"
    }
  },
  "115 debug pnpm:_dependency_resolved": {
    "resolution": "registry.nlark.com/minimatch/3.0.4",
    "wanted": {
      "dependentId": "registry.npmmirror.com/glob/7.2.0",
      "name": "minimatch",
      "rawSpec": "^3.0.4"
    }
  },
  "116 debug pnpm:progress": {
    "packageId": "registry.nlark.com/minimatch/3.0.4",
    "requester": "/Users/sftc/.pnpm-store/v3/tmp/_npx/51825/5",
    "status": "resolved"
  },
  "117 debug pnpm:_dependency_resolved": {
    "resolution": "registry.nlark.com/smart-buffer/4.2.0",
    "wanted": {
      "dependentId": "registry.nlark.com/socks/2.6.1",
      "name": "smart-buffer",
      "rawSpec": "^4.1.0"
    }
  },
  "118 debug pnpm:progress": {
    "packageId": "registry.nlark.com/smart-buffer/4.2.0",
    "requester": "/Users/sftc/.pnpm-store/v3/tmp/_npx/51825/5",
    "status": "resolved"
  },
  "119 debug pnpm:progress": {
    "packageId": "registry.nlark.com/inherits/2.0.4",
    "requester": "/Users/sftc/.pnpm-store/v3/tmp/_npx/51825/5",
    "status": "found_in_store"
  },
  "120 debug pnpm:progress": {
    "packageId": "registry.nlark.com/once/1.4.0",
    "requester": "/Users/sftc/.pnpm-store/v3/tmp/_npx/51825/5",
    "status": "found_in_store"
  },
  "121 debug pnpm:progress": {
    "packageId": "registry.nlark.com/minimatch/3.0.4",
    "requester": "/Users/sftc/.pnpm-store/v3/tmp/_npx/51825/5",
    "status": "found_in_store"
  },
  "122 debug pnpm:progress": {
    "packageId": "registry.nlark.com/smart-buffer/4.2.0",
    "requester": "/Users/sftc/.pnpm-store/v3/tmp/_npx/51825/5",
    "status": "found_in_store"
  },
  "123 debug pnpm:_dependency_resolved": {
    "resolution": "registry.nlark.com/end-of-stream/1.4.4",
    "wanted": {
      "dependentId": "registry.nlark.com/pump/3.0.0",
      "name": "end-of-stream",
      "rawSpec": "^1.1.0"
    }
  },
  "124 debug pnpm:progress": {
    "packageId": "registry.nlark.com/end-of-stream/1.4.4",
    "requester": "/Users/sftc/.pnpm-store/v3/tmp/_npx/51825/5",
    "status": "resolved"
  },
  "125 debug pnpm:_dependency_resolved": {
    "resolution": "registry.nlark.com/once/1.4.0",
    "wanted": {
      "dependentId": "registry.nlark.com/end-of-stream/1.4.4",
      "name": "once",
      "rawSpec": "^1.4.0"
    }
  },
  "126 debug pnpm:progress": {
    "packageId": "registry.nlark.com/end-of-stream/1.4.4",
    "requester": "/Users/sftc/.pnpm-store/v3/tmp/_npx/51825/5",
    "status": "found_in_store"
  },
  "127 debug pnpm:_dependency_resolved": {
    "resolution": "registry.nlark.com/inflight/1.0.6",
    "wanted": {
      "dependentId": "registry.npmmirror.com/glob/7.2.0",
      "name": "inflight",
      "rawSpec": "^1.0.4"
    }
  },
  "128 debug pnpm:progress": {
    "packageId": "registry.nlark.com/inflight/1.0.6",
    "requester": "/Users/sftc/.pnpm-store/v3/tmp/_npx/51825/5",
    "status": "resolved"
  },
  "129 debug pnpm:_dependency_resolved": {
    "resolution": "registry.nlark.com/fs.realpath/1.0.0",
    "wanted": {
      "dependentId": "registry.npmmirror.com/glob/7.2.0",
      "name": "fs.realpath",
      "rawSpec": "^1.0.0"
    }
  },
  "130 debug pnpm:progress": {
    "packageId": "registry.nlark.com/fs.realpath/1.0.0",
    "requester": "/Users/sftc/.pnpm-store/v3/tmp/_npx/51825/5",
    "status": "resolved"
  },
  "131 debug pnpm:_dependency_resolved": {
    "resolution": "registry.nlark.com/path-is-absolute/1.0.1",
    "wanted": {
      "dependentId": "registry.npmmirror.com/glob/7.2.0",
      "name": "path-is-absolute",
      "rawSpec": "^1.0.0"
    }
  },
  "132 debug pnpm:progress": {
    "packageId": "registry.nlark.com/path-is-absolute/1.0.1",
    "requester": "/Users/sftc/.pnpm-store/v3/tmp/_npx/51825/5",
    "status": "resolved"
  },
  "133 debug pnpm:_dependency_resolved": {
    "resolution": "registry.nlark.com/once/1.4.0",
    "wanted": {
      "dependentId": "registry.nlark.com/inflight/1.0.6",
      "name": "once",
      "rawSpec": "^1.3.0"
    }
  },
  "134 debug pnpm:progress": {
    "packageId": "registry.nlark.com/inflight/1.0.6",
    "requester": "/Users/sftc/.pnpm-store/v3/tmp/_npx/51825/5",
    "status": "found_in_store"
  },
  "135 debug pnpm:progress": {
    "packageId": "registry.nlark.com/fs.realpath/1.0.0",
    "requester": "/Users/sftc/.pnpm-store/v3/tmp/_npx/51825/5",
    "status": "found_in_store"
  },
  "136 debug pnpm:progress": {
    "packageId": "registry.nlark.com/path-is-absolute/1.0.1",
    "requester": "/Users/sftc/.pnpm-store/v3/tmp/_npx/51825/5",
    "status": "found_in_store"
  },
  "137 debug pnpm:_dependency_resolved": {
    "resolution": "registry.nlark.com/wrappy/1.0.2",
    "wanted": {
      "dependentId": "registry.nlark.com/once/1.4.0",
      "name": "wrappy",
      "rawSpec": "1"
    }
  },
  "138 debug pnpm:progress": {
    "packageId": "registry.nlark.com/wrappy/1.0.2",
    "requester": "/Users/sftc/.pnpm-store/v3/tmp/_npx/51825/5",
    "status": "resolved"
  },
  "139 debug pnpm:_dependency_resolved": {
    "resolution": "registry.nlark.com/wrappy/1.0.2",
    "wanted": {
      "dependentId": "registry.nlark.com/inflight/1.0.6",
      "name": "wrappy",
      "rawSpec": "1"
    }
  },
  "140 debug pnpm:_dependency_resolved": {
    "resolution": "registry.nlark.com/brace-expansion/1.1.11",
    "wanted": {
      "dependentId": "registry.nlark.com/minimatch/3.0.4",
      "name": "brace-expansion",
      "rawSpec": "^1.1.7"
    }
  },
  "141 debug pnpm:progress": {
    "packageId": "registry.nlark.com/brace-expansion/1.1.11",
    "requester": "/Users/sftc/.pnpm-store/v3/tmp/_npx/51825/5",
    "status": "resolved"
  },
  "142 debug pnpm:_dependency_resolved": {
    "resolution": "registry.nlark.com/concat-map/0.0.1",
    "wanted": {
      "dependentId": "registry.nlark.com/brace-expansion/1.1.11",
      "name": "concat-map",
      "rawSpec": "0.0.1"
    }
  },
  "143 debug pnpm:progress": {
    "packageId": "registry.nlark.com/concat-map/0.0.1",
    "requester": "/Users/sftc/.pnpm-store/v3/tmp/_npx/51825/5",
    "status": "resolved"
  },
  "144 debug pnpm:progress": {
    "packageId": "registry.nlark.com/wrappy/1.0.2",
    "requester": "/Users/sftc/.pnpm-store/v3/tmp/_npx/51825/5",
    "status": "found_in_store"
  },
  "145 debug pnpm:progress": {
    "packageId": "registry.nlark.com/brace-expansion/1.1.11",
    "requester": "/Users/sftc/.pnpm-store/v3/tmp/_npx/51825/5",
    "status": "found_in_store"
  },
  "146 debug pnpm:progress": {
    "packageId": "registry.nlark.com/concat-map/0.0.1",
    "requester": "/Users/sftc/.pnpm-store/v3/tmp/_npx/51825/5",
    "status": "found_in_store"
  },
  "147 debug pnpm:_dependency_resolved": {
    "resolution": "registry.nlark.com/balanced-match/1.0.2",
    "wanted": {
      "dependentId": "registry.nlark.com/brace-expansion/1.1.11",
      "name": "balanced-match",
      "rawSpec": "^1.0.0"
    }
  },
  "148 debug pnpm:progress": {
    "packageId": "registry.nlark.com/balanced-match/1.0.2",
    "requester": "/Users/sftc/.pnpm-store/v3/tmp/_npx/51825/5",
    "status": "resolved"
  },
  "149 debug pnpm:progress": {
    "packageId": "registry.nlark.com/balanced-match/1.0.2",
    "requester": "/Users/sftc/.pnpm-store/v3/tmp/_npx/51825/5",
    "status": "found_in_store"
  },
  "150 debug pnpm:_dependency_resolved": {
    "resolution": "registry.npmmirror.com/@types/node/17.0.10",
    "wanted": {
      "dependentId": "registry.npmmirror.com/@types/yauzl/2.9.2",
      "name": "@types/node",
      "rawSpec": "*"
    }
  },
  "151 debug pnpm:progress": {
    "packageId": "registry.npmmirror.com/@types/node/17.0.10",
    "requester": "/Users/sftc/.pnpm-store/v3/tmp/_npx/51825/5",
    "status": "resolved"
  },
  "152 debug pnpm:package-manifest": {
    "prefix": "/Users/sftc/.pnpm-store/v3/tmp/_npx/51825/5",
    "updated": {
      "dependencies": {
        "playwright": "^1.18.0"
      }
    }
  },
  "153 debug pnpm:stage": {
    "prefix": "/Users/sftc/.pnpm-store/v3/tmp/_npx/51825/5",
    "stage": "resolution_done"
  },
  "154 debug pnpm:stats": {
    "prefix": "/Users/sftc/.pnpm-store/v3/tmp/_npx/51825/5",
    "removed": 0
  },
  "155 debug pnpm:stage": {
    "prefix": "/Users/sftc/.pnpm-store/v3/tmp/_npx/51825/5",
    "stage": "importing_started"
  },
  "156 debug pnpm:stats": {
    "added": 46,
    "prefix": "/Users/sftc/.pnpm-store/v3/tmp/_npx/51825/5"
  },
  "157 debug pnpm:progress": {
    "packageId": "registry.npmmirror.com/@types/node/17.0.10",
    "requester": "/Users/sftc/.pnpm-store/v3/tmp/_npx/51825/5",
    "status": "found_in_store"
  },
  "158 debug pnpm:link": {
    "target": "/Users/sftc/.pnpm-store/v3/tmp/_npx/51825/5/node_modules/.pnpm/registry.npmmirror.com+playwright-core@1.18.0/node_modules/playwright-core",
    "link": "/Users/sftc/.pnpm-store/v3/tmp/_npx/51825/5/node_modules/.pnpm/registry.npmmirror.com+playwright@1.18.0/node_modules/playwright-core"
  },
  "159 debug pnpm:link": {
    "target": "/Users/sftc/.pnpm-store/v3/tmp/_npx/51825/5/node_modules/.pnpm/registry.npmmirror.com+commander@8.3.0/node_modules/commander",
    "link": "/Users/sftc/.pnpm-store/v3/tmp/_npx/51825/5/node_modules/.pnpm/registry.npmmirror.com+playwright-core@1.18.0/node_modules/commander"
  },
  "160 debug pnpm:link": {
    "target": "/Users/sftc/.pnpm-store/v3/tmp/_npx/51825/5/node_modules/.pnpm/registry.npmmirror.com+debug@4.3.3/node_modules/debug",
    "link": "/Users/sftc/.pnpm-store/v3/tmp/_npx/51825/5/node_modules/.pnpm/registry.npmmirror.com+playwright-core@1.18.0/node_modules/debug"
  },
  "161 debug pnpm:link": {
    "target": "/Users/sftc/.pnpm-store/v3/tmp/_npx/51825/5/node_modules/.pnpm/registry.nlark.com+extract-zip@2.0.1/node_modules/extract-zip",
    "link": "/Users/sftc/.pnpm-store/v3/tmp/_npx/51825/5/node_modules/.pnpm/registry.npmmirror.com+playwright-core@1.18.0/node_modules/extract-zip"
  },
  "162 debug pnpm:link": {
    "target": "/Users/sftc/.pnpm-store/v3/tmp/_npx/51825/5/node_modules/.pnpm/registry.nlark.com+https-proxy-agent@5.0.0/node_modules/https-proxy-agent",
    "link": "/Users/sftc/.pnpm-store/v3/tmp/_npx/51825/5/node_modules/.pnpm/registry.npmmirror.com+playwright-core@1.18.0/node_modules/https-proxy-agent"
  },
  "163 debug pnpm:link": {
    "target": "/Users/sftc/.pnpm-store/v3/tmp/_npx/51825/5/node_modules/.pnpm/registry.nlark.com+jpeg-js@0.4.3/node_modules/jpeg-js",
    "link": "/Users/sftc/.pnpm-store/v3/tmp/_npx/51825/5/node_modules/.pnpm/registry.npmmirror.com+playwright-core@1.18.0/node_modules/jpeg-js"
  },
  "164 debug pnpm:link": {
    "target": "/Users/sftc/.pnpm-store/v3/tmp/_npx/51825/5/node_modules/.pnpm/registry.npmmirror.com+mime@2.6.0/node_modules/mime",
    "link": "/Users/sftc/.pnpm-store/v3/tmp/_npx/51825/5/node_modules/.pnpm/registry.npmmirror.com+playwright-core@1.18.0/node_modules/mime"
  },
  "165 debug pnpm:link": {
    "target": "/Users/sftc/.pnpm-store/v3/tmp/_npx/51825/5/node_modules/.pnpm/registry.nlark.com+pngjs@5.0.0/node_modules/pngjs",
    "link": "/Users/sftc/.pnpm-store/v3/tmp/_npx/51825/5/node_modules/.pnpm/registry.npmmirror.com+playwright-core@1.18.0/node_modules/pngjs"
  },
  "166 debug pnpm:link": {
    "target": "/Users/sftc/.pnpm-store/v3/tmp/_npx/51825/5/node_modules/.pnpm/registry.npmmirror.com+progress@2.0.3/node_modules/progress",
    "link": "/Users/sftc/.pnpm-store/v3/tmp/_npx/51825/5/node_modules/.pnpm/registry.npmmirror.com+playwright-core@1.18.0/node_modules/progress"
  },
  "167 debug pnpm:link": {
    "target": "/Users/sftc/.pnpm-store/v3/tmp/_npx/51825/5/node_modules/.pnpm/registry.nlark.com+proper-lockfile@4.1.2/node_modules/proper-lockfile",
    "link": "/Users/sftc/.pnpm-store/v3/tmp/_npx/51825/5/node_modules/.pnpm/registry.npmmirror.com+playwright-core@1.18.0/node_modules/proper-lockfile"
  },
  "168 debug pnpm:link": {
    "target": "/Users/sftc/.pnpm-store/v3/tmp/_npx/51825/5/node_modules/.pnpm/registry.nlark.com+proxy-from-env@1.1.0/node_modules/proxy-from-env",
    "link": "/Users/sftc/.pnpm-store/v3/tmp/_npx/51825/5/node_modules/.pnpm/registry.npmmirror.com+playwright-core@1.18.0/node_modules/proxy-from-env"
  },
  "169 debug pnpm:link": {
    "target": "/Users/sftc/.pnpm-store/v3/tmp/_npx/51825/5/node_modules/.pnpm/registry.npmmirror.com+rimraf@3.0.2/node_modules/rimraf",
    "link": "/Users/sftc/.pnpm-store/v3/tmp/_npx/51825/5/node_modules/.pnpm/registry.npmmirror.com+playwright-core@1.18.0/node_modules/rimraf"
  },
  "170 debug pnpm:link": {
    "target": "/Users/sftc/.pnpm-store/v3/tmp/_npx/51825/5/node_modules/.pnpm/registry.npmmirror.com+socks-proxy-agent@6.1.1/node_modules/socks-proxy-agent",
    "link": "/Users/sftc/.pnpm-store/v3/tmp/_npx/51825/5/node_modules/.pnpm/registry.npmmirror.com+playwright-core@1.18.0/node_modules/socks-proxy-agent"
  },
  "171 debug pnpm:link": {
    "target": "/Users/sftc/.pnpm-store/v3/tmp/_npx/51825/5/node_modules/.pnpm/registry.nlark.com+stack-utils@2.0.5/node_modules/stack-utils",
    "link": "/Users/sftc/.pnpm-store/v3/tmp/_npx/51825/5/node_modules/.pnpm/registry.npmmirror.com+playwright-core@1.18.0/node_modules/stack-utils"
  },
  "172 debug pnpm:link": {
    "target": "/Users/sftc/.pnpm-store/v3/tmp/_npx/51825/5/node_modules/.pnpm/registry.npmmirror.com+ws@7.5.6/node_modules/ws",
    "link": "/Users/sftc/.pnpm-store/v3/tmp/_npx/51825/5/node_modules/.pnpm/registry.npmmirror.com+playwright-core@1.18.0/node_modules/ws"
  },
  "173 debug pnpm:link": {
    "target": "/Users/sftc/.pnpm-store/v3/tmp/_npx/51825/5/node_modules/.pnpm/registry.nlark.com+yauzl@2.10.0/node_modules/yauzl",
    "link": "/Users/sftc/.pnpm-store/v3/tmp/_npx/51825/5/node_modules/.pnpm/registry.npmmirror.com+playwright-core@1.18.0/node_modules/yauzl"
  },
  "174 debug pnpm:link": {
    "target": "/Users/sftc/.pnpm-store/v3/tmp/_npx/51825/5/node_modules/.pnpm/registry.nlark.com+yazl@2.5.1/node_modules/yazl",
    "link": "/Users/sftc/.pnpm-store/v3/tmp/_npx/51825/5/node_modules/.pnpm/registry.npmmirror.com+playwright-core@1.18.0/node_modules/yazl"
  },
  "175 debug pnpm:link": {
    "target": "/Users/sftc/.pnpm-store/v3/tmp/_npx/51825/5/node_modules/.pnpm/registry.npmmirror.com+ms@2.1.2/node_modules/ms",
    "link": "/Users/sftc/.pnpm-store/v3/tmp/_npx/51825/5/node_modules/.pnpm/registry.npmmirror.com+debug@4.3.3/node_modules/ms"
  },
  "176 debug pnpm:link": {
    "target": "/Users/sftc/.pnpm-store/v3/tmp/_npx/51825/5/node_modules/.pnpm/registry.npmmirror.com+@types+yauzl@2.9.2/node_modules/@types/yauzl",
    "link": "/Users/sftc/.pnpm-store/v3/tmp/_npx/51825/5/node_modules/.pnpm/registry.nlark.com+extract-zip@2.0.1/node_modules/@types/yauzl"
  },
  "177 debug pnpm:link": {
    "target": "/Users/sftc/.pnpm-store/v3/tmp/_npx/51825/5/node_modules/.pnpm/registry.npmmirror.com+debug@4.3.3/node_modules/debug",
    "link": "/Users/sftc/.pnpm-store/v3/tmp/_npx/51825/5/node_modules/.pnpm/registry.nlark.com+extract-zip@2.0.1/node_modules/debug"
  },
  "178 debug pnpm:link": {
    "target": "/Users/sftc/.pnpm-store/v3/tmp/_npx/51825/5/node_modules/.pnpm/registry.nlark.com+get-stream@5.2.0/node_modules/get-stream",
    "link": "/Users/sftc/.pnpm-store/v3/tmp/_npx/51825/5/node_modules/.pnpm/registry.nlark.com+extract-zip@2.0.1/node_modules/get-stream"
  },
  "179 debug pnpm:link": {
    "target": "/Users/sftc/.pnpm-store/v3/tmp/_npx/51825/5/node_modules/.pnpm/registry.nlark.com+yauzl@2.10.0/node_modules/yauzl",
    "link": "/Users/sftc/.pnpm-store/v3/tmp/_npx/51825/5/node_modules/.pnpm/registry.nlark.com+extract-zip@2.0.1/node_modules/yauzl"
  },
  "180 debug pnpm:link": {
    "target": "/Users/sftc/.pnpm-store/v3/tmp/_npx/51825/5/node_modules/.pnpm/registry.nlark.com+pump@3.0.0/node_modules/pump",
    "link": "/Users/sftc/.pnpm-store/v3/tmp/_npx/51825/5/node_modules/.pnpm/registry.nlark.com+get-stream@5.2.0/node_modules/pump"
  },
  "181 debug pnpm:link": {
    "target": "/Users/sftc/.pnpm-store/v3/tmp/_npx/51825/5/node_modules/.pnpm/registry.nlark.com+end-of-stream@1.4.4/node_modules/end-of-stream",
    "link": "/Users/sftc/.pnpm-store/v3/tmp/_npx/51825/5/node_modules/.pnpm/registry.nlark.com+pump@3.0.0/node_modules/end-of-stream"
  },
  "182 debug pnpm:link": {
    "target": "/Users/sftc/.pnpm-store/v3/tmp/_npx/51825/5/node_modules/.pnpm/registry.nlark.com+once@1.4.0/node_modules/once",
    "link": "/Users/sftc/.pnpm-store/v3/tmp/_npx/51825/5/node_modules/.pnpm/registry.nlark.com+pump@3.0.0/node_modules/once"
  },
  "183 debug pnpm:link": {
    "target": "/Users/sftc/.pnpm-store/v3/tmp/_npx/51825/5/node_modules/.pnpm/registry.nlark.com+once@1.4.0/node_modules/once",
    "link": "/Users/sftc/.pnpm-store/v3/tmp/_npx/51825/5/node_modules/.pnpm/registry.nlark.com+end-of-stream@1.4.4/node_modules/once"
  },
  "184 debug pnpm:link": {
    "target": "/Users/sftc/.pnpm-store/v3/tmp/_npx/51825/5/node_modules/.pnpm/registry.nlark.com+wrappy@1.0.2/node_modules/wrappy",
    "link": "/Users/sftc/.pnpm-store/v3/tmp/_npx/51825/5/node_modules/.pnpm/registry.nlark.com+once@1.4.0/node_modules/wrappy"
  },
  "185 debug pnpm:link": {
    "target": "/Users/sftc/.pnpm-store/v3/tmp/_npx/51825/5/node_modules/.pnpm/registry.npmmirror.com+@types+node@17.0.10/node_modules/@types/node",
    "link": "/Users/sftc/.pnpm-store/v3/tmp/_npx/51825/5/node_modules/.pnpm/registry.npmmirror.com+@types+yauzl@2.9.2/node_modules/@types/node"
  },
  "186 debug pnpm:link": {
    "target": "/Users/sftc/.pnpm-store/v3/tmp/_npx/51825/5/node_modules/.pnpm/registry.nlark.com+agent-base@6.0.2/node_modules/agent-base",
    "link": "/Users/sftc/.pnpm-store/v3/tmp/_npx/51825/5/node_modules/.pnpm/registry.nlark.com+https-proxy-agent@5.0.0/node_modules/agent-base"
  },
  "187 debug pnpm:link": {
    "target": "/Users/sftc/.pnpm-store/v3/tmp/_npx/51825/5/node_modules/.pnpm/registry.npmmirror.com+debug@4.3.3/node_modules/debug",
    "link": "/Users/sftc/.pnpm-store/v3/tmp/_npx/51825/5/node_modules/.pnpm/registry.nlark.com+https-proxy-agent@5.0.0/node_modules/debug"
  },
  "188 debug pnpm:link": {
    "target": "/Users/sftc/.pnpm-store/v3/tmp/_npx/51825/5/node_modules/.pnpm/registry.npmmirror.com+debug@4.3.3/node_modules/debug",
    "link": "/Users/sftc/.pnpm-store/v3/tmp/_npx/51825/5/node_modules/.pnpm/registry.nlark.com+agent-base@6.0.2/node_modules/debug"
  },
  "189 debug pnpm:link": {
    "target": "/Users/sftc/.pnpm-store/v3/tmp/_npx/51825/5/node_modules/.pnpm/registry.npmmirror.com+graceful-fs@4.2.9/node_modules/graceful-fs",
    "link": "/Users/sftc/.pnpm-store/v3/tmp/_npx/51825/5/node_modules/.pnpm/registry.nlark.com+proper-lockfile@4.1.2/node_modules/graceful-fs"
  },
  "190 debug pnpm:link": {
    "target": "/Users/sftc/.pnpm-store/v3/tmp/_npx/51825/5/node_modules/.pnpm/registry.nlark.com+retry@0.12.0/node_modules/retry",
    "link": "/Users/sftc/.pnpm-store/v3/tmp/_npx/51825/5/node_modules/.pnpm/registry.nlark.com+proper-lockfile@4.1.2/node_modules/retry"
  },
  "191 debug pnpm:link": {
    "target": "/Users/sftc/.pnpm-store/v3/tmp/_npx/51825/5/node_modules/.pnpm/registry.npmmirror.com+signal-exit@3.0.6/node_modules/signal-exit",
    "link": "/Users/sftc/.pnpm-store/v3/tmp/_npx/51825/5/node_modules/.pnpm/registry.nlark.com+proper-lockfile@4.1.2/node_modules/signal-exit"
  },
  "192 debug pnpm:link": {
    "target": "/Users/sftc/.pnpm-store/v3/tmp/_npx/51825/5/node_modules/.pnpm/registry.npmmirror.com+glob@7.2.0/node_modules/glob",
    "link": "/Users/sftc/.pnpm-store/v3/tmp/_npx/51825/5/node_modules/.pnpm/registry.npmmirror.com+rimraf@3.0.2/node_modules/glob"
  },
  "193 debug pnpm:link": {
    "target": "/Users/sftc/.pnpm-store/v3/tmp/_npx/51825/5/node_modules/.pnpm/registry.nlark.com+fs.realpath@1.0.0/node_modules/fs.realpath",
    "link": "/Users/sftc/.pnpm-store/v3/tmp/_npx/51825/5/node_modules/.pnpm/registry.npmmirror.com+glob@7.2.0/node_modules/fs.realpath"
  },
  "194 debug pnpm:link": {
    "target": "/Users/sftc/.pnpm-store/v3/tmp/_npx/51825/5/node_modules/.pnpm/registry.nlark.com+inflight@1.0.6/node_modules/inflight",
    "link": "/Users/sftc/.pnpm-store/v3/tmp/_npx/51825/5/node_modules/.pnpm/registry.npmmirror.com+glob@7.2.0/node_modules/inflight"
  },
  "195 debug pnpm:link": {
    "target": "/Users/sftc/.pnpm-store/v3/tmp/_npx/51825/5/node_modules/.pnpm/registry.nlark.com+inherits@2.0.4/node_modules/inherits",
    "link": "/Users/sftc/.pnpm-store/v3/tmp/_npx/51825/5/node_modules/.pnpm/registry.npmmirror.com+glob@7.2.0/node_modules/inherits"
  },
  "196 debug pnpm:link": {
    "target": "/Users/sftc/.pnpm-store/v3/tmp/_npx/51825/5/node_modules/.pnpm/registry.nlark.com+minimatch@3.0.4/node_modules/minimatch",
    "link": "/Users/sftc/.pnpm-store/v3/tmp/_npx/51825/5/node_modules/.pnpm/registry.npmmirror.com+glob@7.2.0/node_modules/minimatch"
  },
  "197 debug pnpm:link": {
    "target": "/Users/sftc/.pnpm-store/v3/tmp/_npx/51825/5/node_modules/.pnpm/registry.nlark.com+once@1.4.0/node_modules/once",
    "link": "/Users/sftc/.pnpm-store/v3/tmp/_npx/51825/5/node_modules/.pnpm/registry.npmmirror.com+glob@7.2.0/node_modules/once"
  },
  "198 debug pnpm:link": {
    "target": "/Users/sftc/.pnpm-store/v3/tmp/_npx/51825/5/node_modules/.pnpm/registry.nlark.com+path-is-absolute@1.0.1/node_modules/path-is-absolute",
    "link": "/Users/sftc/.pnpm-store/v3/tmp/_npx/51825/5/node_modules/.pnpm/registry.npmmirror.com+glob@7.2.0/node_modules/path-is-absolute"
  },
  "199 debug pnpm:link": {
    "target": "/Users/sftc/.pnpm-store/v3/tmp/_npx/51825/5/node_modules/.pnpm/registry.nlark.com+once@1.4.0/node_modules/once",
    "link": "/Users/sftc/.pnpm-store/v3/tmp/_npx/51825/5/node_modules/.pnpm/registry.nlark.com+inflight@1.0.6/node_modules/once"
  },
  "200 debug pnpm:link": {
    "target": "/Users/sftc/.pnpm-store/v3/tmp/_npx/51825/5/node_modules/.pnpm/registry.nlark.com+wrappy@1.0.2/node_modules/wrappy",
    "link": "/Users/sftc/.pnpm-store/v3/tmp/_npx/51825/5/node_modules/.pnpm/registry.nlark.com+inflight@1.0.6/node_modules/wrappy"
  },
  "201 debug pnpm:link": {
    "target": "/Users/sftc/.pnpm-store/v3/tmp/_npx/51825/5/node_modules/.pnpm/registry.nlark.com+brace-expansion@1.1.11/node_modules/brace-expansion",
    "link": "/Users/sftc/.pnpm-store/v3/tmp/_npx/51825/5/node_modules/.pnpm/registry.nlark.com+minimatch@3.0.4/node_modules/brace-expansion"
  },
  "202 debug pnpm:link": {
    "target": "/Users/sftc/.pnpm-store/v3/tmp/_npx/51825/5/node_modules/.pnpm/registry.nlark.com+balanced-match@1.0.2/node_modules/balanced-match",
    "link": "/Users/sftc/.pnpm-store/v3/tmp/_npx/51825/5/node_modules/.pnpm/registry.nlark.com+brace-expansion@1.1.11/node_modules/balanced-match"
  },
  "203 debug pnpm:link": {
    "target": "/Users/sftc/.pnpm-store/v3/tmp/_npx/51825/5/node_modules/.pnpm/registry.nlark.com+concat-map@0.0.1/node_modules/concat-map",
    "link": "/Users/sftc/.pnpm-store/v3/tmp/_npx/51825/5/node_modules/.pnpm/registry.nlark.com+brace-expansion@1.1.11/node_modules/concat-map"
  },
  "204 debug pnpm:link": {
    "target": "/Users/sftc/.pnpm-store/v3/tmp/_npx/51825/5/node_modules/.pnpm/registry.nlark.com+agent-base@6.0.2/node_modules/agent-base",
    "link": "/Users/sftc/.pnpm-store/v3/tmp/_npx/51825/5/node_modules/.pnpm/registry.npmmirror.com+socks-proxy-agent@6.1.1/node_modules/agent-base"
  },
  "205 debug pnpm:link": {
    "target": "/Users/sftc/.pnpm-store/v3/tmp/_npx/51825/5/node_modules/.pnpm/registry.npmmirror.com+debug@4.3.3/node_modules/debug",
    "link": "/Users/sftc/.pnpm-store/v3/tmp/_npx/51825/5/node_modules/.pnpm/registry.npmmirror.com+socks-proxy-agent@6.1.1/node_modules/debug"
  },
  "206 debug pnpm:link": {
    "target": "/Users/sftc/.pnpm-store/v3/tmp/_npx/51825/5/node_modules/.pnpm/registry.nlark.com+socks@2.6.1/node_modules/socks",
    "link": "/Users/sftc/.pnpm-store/v3/tmp/_npx/51825/5/node_modules/.pnpm/registry.npmmirror.com+socks-proxy-agent@6.1.1/node_modules/socks"
  },
  "207 debug pnpm:link": {
    "target": "/Users/sftc/.pnpm-store/v3/tmp/_npx/51825/5/node_modules/.pnpm/registry.nlark.com+ip@1.1.5/node_modules/ip",
    "link": "/Users/sftc/.pnpm-store/v3/tmp/_npx/51825/5/node_modules/.pnpm/registry.nlark.com+socks@2.6.1/node_modules/ip"
  },
  "208 debug pnpm:link": {
    "target": "/Users/sftc/.pnpm-store/v3/tmp/_npx/51825/5/node_modules/.pnpm/registry.nlark.com+smart-buffer@4.2.0/node_modules/smart-buffer",
    "link": "/Users/sftc/.pnpm-store/v3/tmp/_npx/51825/5/node_modules/.pnpm/registry.nlark.com+socks@2.6.1/node_modules/smart-buffer"
  },
  "209 debug pnpm:link": {
    "target": "/Users/sftc/.pnpm-store/v3/tmp/_npx/51825/5/node_modules/.pnpm/registry.nlark.com+escape-string-regexp@2.0.0/node_modules/escape-string-regexp",
    "link": "/Users/sftc/.pnpm-store/v3/tmp/_npx/51825/5/node_modules/.pnpm/registry.nlark.com+stack-utils@2.0.5/node_modules/escape-string-regexp"
  },
  "210 debug pnpm:link": {
    "target": "/Users/sftc/.pnpm-store/v3/tmp/_npx/51825/5/node_modules/.pnpm/registry.nlark.com+fd-slicer@1.1.0/node_modules/fd-slicer",
    "link": "/Users/sftc/.pnpm-store/v3/tmp/_npx/51825/5/node_modules/.pnpm/registry.nlark.com+yauzl@2.10.0/node_modules/fd-slicer"
  },
  "211 debug pnpm:link": {
    "target": "/Users/sftc/.pnpm-store/v3/tmp/_npx/51825/5/node_modules/.pnpm/registry.nlark.com+buffer-crc32@0.2.13/node_modules/buffer-crc32",
    "link": "/Users/sftc/.pnpm-store/v3/tmp/_npx/51825/5/node_modules/.pnpm/registry.nlark.com+yauzl@2.10.0/node_modules/buffer-crc32"
  },
  "212 debug pnpm:link": {
    "target": "/Users/sftc/.pnpm-store/v3/tmp/_npx/51825/5/node_modules/.pnpm/registry.nlark.com+pend@1.2.0/node_modules/pend",
    "link": "/Users/sftc/.pnpm-store/v3/tmp/_npx/51825/5/node_modules/.pnpm/registry.nlark.com+fd-slicer@1.1.0/node_modules/pend"
  },
  "213 debug pnpm:link": {
    "target": "/Users/sftc/.pnpm-store/v3/tmp/_npx/51825/5/node_modules/.pnpm/registry.nlark.com+buffer-crc32@0.2.13/node_modules/buffer-crc32",
    "link": "/Users/sftc/.pnpm-store/v3/tmp/_npx/51825/5/node_modules/.pnpm/registry.nlark.com+yazl@2.5.1/node_modules/buffer-crc32"
  },
  "214 debug pnpm:package-import-method": {
    "method": "hardlink"
  },
  "215 debug pnpm:progress": {
    "method": "hardlink",
    "requester": "/Users/sftc/.pnpm-store/v3/tmp/_npx/51825/5",
    "status": "imported",
    "to": "/Users/sftc/.pnpm-store/v3/tmp/_npx/51825/5/node_modules/.pnpm/registry.npmmirror.com+@types+yauzl@2.9.2/node_modules/@types/yauzl"
  },
  "216 debug pnpm:package-import-method": {
    "method": "hardlink"
  },
  "217 debug pnpm:progress": {
    "method": "hardlink",
    "requester": "/Users/sftc/.pnpm-store/v3/tmp/_npx/51825/5",
    "status": "imported",
    "to": "/Users/sftc/.pnpm-store/v3/tmp/_npx/51825/5/node_modules/.pnpm/registry.nlark.com+get-stream@5.2.0/node_modules/get-stream"
  },
  "218 debug pnpm:package-import-method": {
    "method": "hardlink"
  },
  "219 debug pnpm:progress": {
    "method": "hardlink",
    "requester": "/Users/sftc/.pnpm-store/v3/tmp/_npx/51825/5",
    "status": "imported",
    "to": "/Users/sftc/.pnpm-store/v3/tmp/_npx/51825/5/node_modules/.pnpm/registry.npmmirror.com+ms@2.1.2/node_modules/ms"
  },
  "220 debug pnpm:package-import-method": {
    "method": "hardlink"
  },
  "221 debug pnpm:progress": {
    "method": "hardlink",
    "requester": "/Users/sftc/.pnpm-store/v3/tmp/_npx/51825/5",
    "status": "imported",
    "to": "/Users/sftc/.pnpm-store/v3/tmp/_npx/51825/5/node_modules/.pnpm/registry.nlark.com+pump@3.0.0/node_modules/pump"
  },
  "222 debug pnpm:package-import-method": {
    "method": "hardlink"
  },
  "223 debug pnpm:progress": {
    "method": "hardlink",
    "requester": "/Users/sftc/.pnpm-store/v3/tmp/_npx/51825/5",
    "status": "imported",
    "to": "/Users/sftc/.pnpm-store/v3/tmp/_npx/51825/5/node_modules/.pnpm/registry.nlark.com+end-of-stream@1.4.4/node_modules/end-of-stream"
  },
  "224 debug pnpm:package-import-method": {
    "method": "hardlink"
  },
  "225 debug pnpm:progress": {
    "method": "hardlink",
    "requester": "/Users/sftc/.pnpm-store/v3/tmp/_npx/51825/5",
    "status": "imported",
    "to": "/Users/sftc/.pnpm-store/v3/tmp/_npx/51825/5/node_modules/.pnpm/registry.npmmirror.com+playwright@1.18.0/node_modules/playwright"
  },
  "226 debug pnpm:package-import-method": {
    "method": "hardlink"
  },
  "227 debug pnpm:progress": {
    "method": "hardlink",
    "requester": "/Users/sftc/.pnpm-store/v3/tmp/_npx/51825/5",
    "status": "imported",
    "to": "/Users/sftc/.pnpm-store/v3/tmp/_npx/51825/5/node_modules/.pnpm/registry.nlark.com+once@1.4.0/node_modules/once"
  },
  "228 debug pnpm:package-import-method": {
    "method": "hardlink"
  },
  "229 debug pnpm:progress": {
    "method": "hardlink",
    "requester": "/Users/sftc/.pnpm-store/v3/tmp/_npx/51825/5",
    "status": "imported",
    "to": "/Users/sftc/.pnpm-store/v3/tmp/_npx/51825/5/node_modules/.pnpm/registry.nlark.com+wrappy@1.0.2/node_modules/wrappy"
  },
  "230 debug pnpm:package-import-method": {
    "method": "hardlink"
  },
  "231 debug pnpm:progress": {
    "method": "hardlink",
    "requester": "/Users/sftc/.pnpm-store/v3/tmp/_npx/51825/5",
    "status": "imported",
    "to": "/Users/sftc/.pnpm-store/v3/tmp/_npx/51825/5/node_modules/.pnpm/registry.nlark.com+extract-zip@2.0.1/node_modules/extract-zip"
  },
  "232 debug pnpm:package-import-method": {
    "method": "hardlink"
  },
  "233 debug pnpm:progress": {
    "method": "hardlink",
    "requester": "/Users/sftc/.pnpm-store/v3/tmp/_npx/51825/5",
    "status": "imported",
    "to": "/Users/sftc/.pnpm-store/v3/tmp/_npx/51825/5/node_modules/.pnpm/registry.npmmirror.com+@types+node@17.0.10/node_modules/@types/node"
  },
  "234 debug pnpm:package-import-method": {
    "method": "hardlink"
  },
  "235 debug pnpm:progress": {
    "method": "hardlink",
    "requester": "/Users/sftc/.pnpm-store/v3/tmp/_npx/51825/5",
    "status": "imported",
    "to": "/Users/sftc/.pnpm-store/v3/tmp/_npx/51825/5/node_modules/.pnpm/registry.npmmirror.com+debug@4.3.3/node_modules/debug"
  },
  "236 debug pnpm:package-import-method": {
    "method": "hardlink"
  },
  "237 debug pnpm:progress": {
    "method": "hardlink",
    "requester": "/Users/sftc/.pnpm-store/v3/tmp/_npx/51825/5",
    "status": "imported",
    "to": "/Users/sftc/.pnpm-store/v3/tmp/_npx/51825/5/node_modules/.pnpm/registry.nlark.com+jpeg-js@0.4.3/node_modules/jpeg-js"
  },
  "238 debug pnpm:progress": {
    "method": "hardlink",
    "requester": "/Users/sftc/.pnpm-store/v3/tmp/_npx/51825/5",
    "status": "imported",
    "to": "/Users/sftc/.pnpm-store/v3/tmp/_npx/51825/5/node_modules/.pnpm/registry.npmmirror.com+graceful-fs@4.2.9/node_modules/graceful-fs"
  },
  "239 debug pnpm:progress": {
    "method": "hardlink",
    "requester": "/Users/sftc/.pnpm-store/v3/tmp/_npx/51825/5",
    "status": "imported",
    "to": "/Users/sftc/.pnpm-store/v3/tmp/_npx/51825/5/node_modules/.pnpm/registry.npmmirror.com+signal-exit@3.0.6/node_modules/signal-exit"
  },
  "240 debug pnpm:package-import-method": {
    "method": "hardlink"
  },
  "241 debug pnpm:progress": {
    "method": "hardlink",
    "requester": "/Users/sftc/.pnpm-store/v3/tmp/_npx/51825/5",
    "status": "imported",
    "to": "/Users/sftc/.pnpm-store/v3/tmp/_npx/51825/5/node_modules/.pnpm/registry.npmmirror.com+commander@8.3.0/node_modules/commander"
  },
  "242 debug pnpm:package-import-method": {
    "method": "hardlink"
  },
  "243 debug pnpm:progress": {
    "method": "hardlink",
    "requester": "/Users/sftc/.pnpm-store/v3/tmp/_npx/51825/5",
    "status": "imported",
    "to": "/Users/sftc/.pnpm-store/v3/tmp/_npx/51825/5/node_modules/.pnpm/registry.nlark.com+https-proxy-agent@5.0.0/node_modules/https-proxy-agent"
  },
  "244 debug pnpm:progress": {
    "method": "hardlink",
    "requester": "/Users/sftc/.pnpm-store/v3/tmp/_npx/51825/5",
    "status": "imported",
    "to": "/Users/sftc/.pnpm-store/v3/tmp/_npx/51825/5/node_modules/.pnpm/registry.npmmirror.com+mime@2.6.0/node_modules/mime"
  },
  "245 debug pnpm:progress": {
    "method": "hardlink",
    "requester": "/Users/sftc/.pnpm-store/v3/tmp/_npx/51825/5",
    "status": "imported",
    "to": "/Users/sftc/.pnpm-store/v3/tmp/_npx/51825/5/node_modules/.pnpm/registry.nlark.com+proper-lockfile@4.1.2/node_modules/proper-lockfile"
  },
  "246 debug pnpm:progress": {
    "method": "hardlink",
    "requester": "/Users/sftc/.pnpm-store/v3/tmp/_npx/51825/5",
    "status": "imported",
    "to": "/Users/sftc/.pnpm-store/v3/tmp/_npx/51825/5/node_modules/.pnpm/registry.nlark.com+proxy-from-env@1.1.0/node_modules/proxy-from-env"
  },
  "247 debug pnpm:progress": {
    "method": "hardlink",
    "requester": "/Users/sftc/.pnpm-store/v3/tmp/_npx/51825/5",
    "status": "imported",
    "to": "/Users/sftc/.pnpm-store/v3/tmp/_npx/51825/5/node_modules/.pnpm/registry.npmmirror.com+rimraf@3.0.2/node_modules/rimraf"
  },
  "248 debug pnpm:progress": {
    "method": "hardlink",
    "requester": "/Users/sftc/.pnpm-store/v3/tmp/_npx/51825/5",
    "status": "imported",
    "to": "/Users/sftc/.pnpm-store/v3/tmp/_npx/51825/5/node_modules/.pnpm/registry.nlark.com+pngjs@5.0.0/node_modules/pngjs"
  },
  "249 debug pnpm:progress": {
    "method": "hardlink",
    "requester": "/Users/sftc/.pnpm-store/v3/tmp/_npx/51825/5",
    "status": "imported",
    "to": "/Users/sftc/.pnpm-store/v3/tmp/_npx/51825/5/node_modules/.pnpm/registry.npmmirror.com+progress@2.0.3/node_modules/progress"
  },
  "250 debug pnpm:progress": {
    "method": "hardlink",
    "requester": "/Users/sftc/.pnpm-store/v3/tmp/_npx/51825/5",
    "status": "imported",
    "to": "/Users/sftc/.pnpm-store/v3/tmp/_npx/51825/5/node_modules/.pnpm/registry.nlark.com+retry@0.12.0/node_modules/retry"
  },
  "251 debug pnpm:progress": {
    "method": "hardlink",
    "requester": "/Users/sftc/.pnpm-store/v3/tmp/_npx/51825/5",
    "status": "imported",
    "to": "/Users/sftc/.pnpm-store/v3/tmp/_npx/51825/5/node_modules/.pnpm/registry.nlark.com+fs.realpath@1.0.0/node_modules/fs.realpath"
  },
  "252 debug pnpm:progress": {
    "method": "hardlink",
    "requester": "/Users/sftc/.pnpm-store/v3/tmp/_npx/51825/5",
    "status": "imported",
    "to": "/Users/sftc/.pnpm-store/v3/tmp/_npx/51825/5/node_modules/.pnpm/registry.nlark.com+inflight@1.0.6/node_modules/inflight"
  },
  "253 debug pnpm:progress": {
    "method": "hardlink",
    "requester": "/Users/sftc/.pnpm-store/v3/tmp/_npx/51825/5",
    "status": "imported",
    "to": "/Users/sftc/.pnpm-store/v3/tmp/_npx/51825/5/node_modules/.pnpm/registry.npmmirror.com+glob@7.2.0/node_modules/glob"
  },
  "254 debug pnpm:progress": {
    "method": "hardlink",
    "requester": "/Users/sftc/.pnpm-store/v3/tmp/_npx/51825/5",
    "status": "imported",
    "to": "/Users/sftc/.pnpm-store/v3/tmp/_npx/51825/5/node_modules/.pnpm/registry.nlark.com+inherits@2.0.4/node_modules/inherits"
  },
  "255 debug pnpm:progress": {
    "method": "hardlink",
    "requester": "/Users/sftc/.pnpm-store/v3/tmp/_npx/51825/5",
    "status": "imported",
    "to": "/Users/sftc/.pnpm-store/v3/tmp/_npx/51825/5/node_modules/.pnpm/registry.nlark.com+brace-expansion@1.1.11/node_modules/brace-expansion"
  },
  "256 debug pnpm:progress": {
    "method": "hardlink",
    "requester": "/Users/sftc/.pnpm-store/v3/tmp/_npx/51825/5",
    "status": "imported",
    "to": "/Users/sftc/.pnpm-store/v3/tmp/_npx/51825/5/node_modules/.pnpm/registry.nlark.com+minimatch@3.0.4/node_modules/minimatch"
  },
  "257 debug pnpm:progress": {
    "method": "hardlink",
    "requester": "/Users/sftc/.pnpm-store/v3/tmp/_npx/51825/5",
    "status": "imported",
    "to": "/Users/sftc/.pnpm-store/v3/tmp/_npx/51825/5/node_modules/.pnpm/registry.nlark.com+path-is-absolute@1.0.1/node_modules/path-is-absolute"
  },
  "258 debug pnpm:progress": {
    "method": "hardlink",
    "requester": "/Users/sftc/.pnpm-store/v3/tmp/_npx/51825/5",
    "status": "imported",
    "to": "/Users/sftc/.pnpm-store/v3/tmp/_npx/51825/5/node_modules/.pnpm/registry.nlark.com+balanced-match@1.0.2/node_modules/balanced-match"
  },
  "259 debug pnpm:progress": {
    "method": "hardlink",
    "requester": "/Users/sftc/.pnpm-store/v3/tmp/_npx/51825/5",
    "status": "imported",
    "to": "/Users/sftc/.pnpm-store/v3/tmp/_npx/51825/5/node_modules/.pnpm/registry.npmmirror.com+socks-proxy-agent@6.1.1/node_modules/socks-proxy-agent"
  },
  "260 debug pnpm:progress": {
    "method": "hardlink",
    "requester": "/Users/sftc/.pnpm-store/v3/tmp/_npx/51825/5",
    "status": "imported",
    "to": "/Users/sftc/.pnpm-store/v3/tmp/_npx/51825/5/node_modules/.pnpm/registry.nlark.com+concat-map@0.0.1/node_modules/concat-map"
  },
  "261 debug pnpm:progress": {
    "method": "hardlink",
    "requester": "/Users/sftc/.pnpm-store/v3/tmp/_npx/51825/5",
    "status": "imported",
    "to": "/Users/sftc/.pnpm-store/v3/tmp/_npx/51825/5/node_modules/.pnpm/registry.nlark.com+ip@1.1.5/node_modules/ip"
  },
  "262 debug pnpm:progress": {
    "method": "hardlink",
    "requester": "/Users/sftc/.pnpm-store/v3/tmp/_npx/51825/5",
    "status": "imported",
    "to": "/Users/sftc/.pnpm-store/v3/tmp/_npx/51825/5/node_modules/.pnpm/registry.nlark.com+socks@2.6.1/node_modules/socks"
  },
  "263 debug pnpm:progress": {
    "method": "hardlink",
    "requester": "/Users/sftc/.pnpm-store/v3/tmp/_npx/51825/5",
    "status": "imported",
    "to": "/Users/sftc/.pnpm-store/v3/tmp/_npx/51825/5/node_modules/.pnpm/registry.nlark.com+stack-utils@2.0.5/node_modules/stack-utils"
  },
  "264 debug pnpm:progress": {
    "method": "hardlink",
    "requester": "/Users/sftc/.pnpm-store/v3/tmp/_npx/51825/5",
    "status": "imported",
    "to": "/Users/sftc/.pnpm-store/v3/tmp/_npx/51825/5/node_modules/.pnpm/registry.nlark.com+smart-buffer@4.2.0/node_modules/smart-buffer"
  },
  "265 debug pnpm:package-import-method": {
    "method": "hardlink"
  },
  "266 debug pnpm:progress": {
    "method": "hardlink",
    "requester": "/Users/sftc/.pnpm-store/v3/tmp/_npx/51825/5",
    "status": "imported",
    "to": "/Users/sftc/.pnpm-store/v3/tmp/_npx/51825/5/node_modules/.pnpm/registry.nlark.com+agent-base@6.0.2/node_modules/agent-base"
  },
  "267 debug pnpm:progress": {
    "method": "hardlink",
    "requester": "/Users/sftc/.pnpm-store/v3/tmp/_npx/51825/5",
    "status": "imported",
    "to": "/Users/sftc/.pnpm-store/v3/tmp/_npx/51825/5/node_modules/.pnpm/registry.nlark.com+escape-string-regexp@2.0.0/node_modules/escape-string-regexp"
  },
  "268 debug pnpm:progress": {
    "method": "hardlink",
    "requester": "/Users/sftc/.pnpm-store/v3/tmp/_npx/51825/5",
    "status": "imported",
    "to": "/Users/sftc/.pnpm-store/v3/tmp/_npx/51825/5/node_modules/.pnpm/registry.nlark.com+yauzl@2.10.0/node_modules/yauzl"
  },
  "269 debug pnpm:progress": {
    "method": "hardlink",
    "requester": "/Users/sftc/.pnpm-store/v3/tmp/_npx/51825/5",
    "status": "imported",
    "to": "/Users/sftc/.pnpm-store/v3/tmp/_npx/51825/5/node_modules/.pnpm/registry.nlark.com+buffer-crc32@0.2.13/node_modules/buffer-crc32"
  },
  "270 debug pnpm:progress": {
    "method": "hardlink",
    "requester": "/Users/sftc/.pnpm-store/v3/tmp/_npx/51825/5",
    "status": "imported",
    "to": "/Users/sftc/.pnpm-store/v3/tmp/_npx/51825/5/node_modules/.pnpm/registry.nlark.com+yazl@2.5.1/node_modules/yazl"
  },
  "271 debug pnpm:progress": {
    "method": "hardlink",
    "requester": "/Users/sftc/.pnpm-store/v3/tmp/_npx/51825/5",
    "status": "imported",
    "to": "/Users/sftc/.pnpm-store/v3/tmp/_npx/51825/5/node_modules/.pnpm/registry.nlark.com+pend@1.2.0/node_modules/pend"
  },
  "272 debug pnpm:progress": {
    "method": "hardlink",
    "requester": "/Users/sftc/.pnpm-store/v3/tmp/_npx/51825/5",
    "status": "imported",
    "to": "/Users/sftc/.pnpm-store/v3/tmp/_npx/51825/5/node_modules/.pnpm/registry.npmmirror.com+ws@7.5.6/node_modules/ws"
  },
  "273 debug pnpm:progress": {
    "method": "hardlink",
    "requester": "/Users/sftc/.pnpm-store/v3/tmp/_npx/51825/5",
    "status": "imported",
    "to": "/Users/sftc/.pnpm-store/v3/tmp/_npx/51825/5/node_modules/.pnpm/registry.nlark.com+fd-slicer@1.1.0/node_modules/fd-slicer"
  },
  "274 debug pnpm:package-import-method": {
    "method": "hardlink"
  },
  "275 debug pnpm:progress": {
    "method": "hardlink",
    "requester": "/Users/sftc/.pnpm-store/v3/tmp/_npx/51825/5",
    "status": "imported",
    "to": "/Users/sftc/.pnpm-store/v3/tmp/_npx/51825/5/node_modules/.pnpm/registry.npmmirror.com+playwright-core@1.18.0/node_modules/playwright-core"
  },
  "276 debug pnpm:stage": {
    "prefix": "/Users/sftc/.pnpm-store/v3/tmp/_npx/51825/5",
    "stage": "importing_done"
  },
  "277 debug pnpm:link": {
    "target": "/Users/sftc/.pnpm-store/v3/tmp/_npx/51825/5/node_modules/.pnpm/registry.npmmirror.com+playwright@1.18.0/node_modules/playwright",
    "link": "/Users/sftc/.pnpm-store/v3/tmp/_npx/51825/5/node_modules/playwright"
  },
  "278 debug pnpm:root": {
    "added": {
      "dependencyType": "prod",
      "id": "registry.npmmirror.com/playwright/1.18.0",
      "name": "playwright",
      "realName": "playwright",
      "version": "1.18.0"
    },
    "prefix": "/Users/sftc/.pnpm-store/v3/tmp/_npx/51825/5"
  },
  "279 debug pnpm:link": {
    "target": "/Users/sftc/.pnpm-store/v3/tmp/_npx/51825/5/node_modules/.pnpm/registry.npmmirror.com+playwright-core@1.18.0/node_modules/playwright-core",
    "link": "/Users/sftc/.pnpm-store/v3/tmp/_npx/51825/5/node_modules/.pnpm/node_modules/playwright-core"
  },
  "280 debug pnpm:link": {
    "target": "/Users/sftc/.pnpm-store/v3/tmp/_npx/51825/5/node_modules/.pnpm/registry.npmmirror.com+commander@8.3.0/node_modules/commander",
    "link": "/Users/sftc/.pnpm-store/v3/tmp/_npx/51825/5/node_modules/.pnpm/node_modules/commander"
  },
  "281 debug pnpm:link": {
    "target": "/Users/sftc/.pnpm-store/v3/tmp/_npx/51825/5/node_modules/.pnpm/registry.npmmirror.com+debug@4.3.3/node_modules/debug",
    "link": "/Users/sftc/.pnpm-store/v3/tmp/_npx/51825/5/node_modules/.pnpm/node_modules/debug"
  },
  "282 debug pnpm:link": {
    "target": "/Users/sftc/.pnpm-store/v3/tmp/_npx/51825/5/node_modules/.pnpm/registry.nlark.com+extract-zip@2.0.1/node_modules/extract-zip",
    "link": "/Users/sftc/.pnpm-store/v3/tmp/_npx/51825/5/node_modules/.pnpm/node_modules/extract-zip"
  },
  "283 debug pnpm:link": {
    "target": "/Users/sftc/.pnpm-store/v3/tmp/_npx/51825/5/node_modules/.pnpm/registry.nlark.com+https-proxy-agent@5.0.0/node_modules/https-proxy-agent",
    "link": "/Users/sftc/.pnpm-store/v3/tmp/_npx/51825/5/node_modules/.pnpm/node_modules/https-proxy-agent"
  },
  "284 debug pnpm:link": {
    "target": "/Users/sftc/.pnpm-store/v3/tmp/_npx/51825/5/node_modules/.pnpm/registry.nlark.com+jpeg-js@0.4.3/node_modules/jpeg-js",
    "link": "/Users/sftc/.pnpm-store/v3/tmp/_npx/51825/5/node_modules/.pnpm/node_modules/jpeg-js"
  },
  "285 debug pnpm:link": {
    "target": "/Users/sftc/.pnpm-store/v3/tmp/_npx/51825/5/node_modules/.pnpm/registry.npmmirror.com+mime@2.6.0/node_modules/mime",
    "link": "/Users/sftc/.pnpm-store/v3/tmp/_npx/51825/5/node_modules/.pnpm/node_modules/mime"
  },
  "286 debug pnpm:link": {
    "target": "/Users/sftc/.pnpm-store/v3/tmp/_npx/51825/5/node_modules/.pnpm/registry.nlark.com+pngjs@5.0.0/node_modules/pngjs",
    "link": "/Users/sftc/.pnpm-store/v3/tmp/_npx/51825/5/node_modules/.pnpm/node_modules/pngjs"
  },
  "287 debug pnpm:link": {
    "target": "/Users/sftc/.pnpm-store/v3/tmp/_npx/51825/5/node_modules/.pnpm/registry.npmmirror.com+progress@2.0.3/node_modules/progress",
    "link": "/Users/sftc/.pnpm-store/v3/tmp/_npx/51825/5/node_modules/.pnpm/node_modules/progress"
  },
  "288 debug pnpm:link": {
    "target": "/Users/sftc/.pnpm-store/v3/tmp/_npx/51825/5/node_modules/.pnpm/registry.nlark.com+proper-lockfile@4.1.2/node_modules/proper-lockfile",
    "link": "/Users/sftc/.pnpm-store/v3/tmp/_npx/51825/5/node_modules/.pnpm/node_modules/proper-lockfile"
  },
  "289 debug pnpm:link": {
    "target": "/Users/sftc/.pnpm-store/v3/tmp/_npx/51825/5/node_modules/.pnpm/registry.nlark.com+proxy-from-env@1.1.0/node_modules/proxy-from-env",
    "link": "/Users/sftc/.pnpm-store/v3/tmp/_npx/51825/5/node_modules/.pnpm/node_modules/proxy-from-env"
  },
  "290 debug pnpm:link": {
    "target": "/Users/sftc/.pnpm-store/v3/tmp/_npx/51825/5/node_modules/.pnpm/registry.npmmirror.com+rimraf@3.0.2/node_modules/rimraf",
    "link": "/Users/sftc/.pnpm-store/v3/tmp/_npx/51825/5/node_modules/.pnpm/node_modules/rimraf"
  },
  "291 debug pnpm:link": {
    "target": "/Users/sftc/.pnpm-store/v3/tmp/_npx/51825/5/node_modules/.pnpm/registry.npmmirror.com+socks-proxy-agent@6.1.1/node_modules/socks-proxy-agent",
    "link": "/Users/sftc/.pnpm-store/v3/tmp/_npx/51825/5/node_modules/.pnpm/node_modules/socks-proxy-agent"
  },
  "292 debug pnpm:link": {
    "target": "/Users/sftc/.pnpm-store/v3/tmp/_npx/51825/5/node_modules/.pnpm/registry.nlark.com+stack-utils@2.0.5/node_modules/stack-utils",
    "link": "/Users/sftc/.pnpm-store/v3/tmp/_npx/51825/5/node_modules/.pnpm/node_modules/stack-utils"
  },
  "293 debug pnpm:link": {
    "target": "/Users/sftc/.pnpm-store/v3/tmp/_npx/51825/5/node_modules/.pnpm/registry.npmmirror.com+ws@7.5.6/node_modules/ws",
    "link": "/Users/sftc/.pnpm-store/v3/tmp/_npx/51825/5/node_modules/.pnpm/node_modules/ws"
  },
  "294 debug pnpm:link": {
    "target": "/Users/sftc/.pnpm-store/v3/tmp/_npx/51825/5/node_modules/.pnpm/registry.nlark.com+yauzl@2.10.0/node_modules/yauzl",
    "link": "/Users/sftc/.pnpm-store/v3/tmp/_npx/51825/5/node_modules/.pnpm/node_modules/yauzl"
  },
  "295 debug pnpm:link": {
    "target": "/Users/sftc/.pnpm-store/v3/tmp/_npx/51825/5/node_modules/.pnpm/registry.nlark.com+yazl@2.5.1/node_modules/yazl",
    "link": "/Users/sftc/.pnpm-store/v3/tmp/_npx/51825/5/node_modules/.pnpm/node_modules/yazl"
  },
  "296 debug pnpm:link": {
    "target": "/Users/sftc/.pnpm-store/v3/tmp/_npx/51825/5/node_modules/.pnpm/registry.nlark.com+get-stream@5.2.0/node_modules/get-stream",
    "link": "/Users/sftc/.pnpm-store/v3/tmp/_npx/51825/5/node_modules/.pnpm/node_modules/get-stream"
  },
  "297 debug pnpm:link": {
    "target": "/Users/sftc/.pnpm-store/v3/tmp/_npx/51825/5/node_modules/.pnpm/registry.npmmirror.com+@types+yauzl@2.9.2/node_modules/@types/yauzl",
    "link": "/Users/sftc/.pnpm-store/v3/tmp/_npx/51825/5/node_modules/@types/yauzl"
  },
  "298 debug pnpm:link": {
    "target": "/Users/sftc/.pnpm-store/v3/tmp/_npx/51825/5/node_modules/.pnpm/registry.nlark.com+agent-base@6.0.2/node_modules/agent-base",
    "link": "/Users/sftc/.pnpm-store/v3/tmp/_npx/51825/5/node_modules/.pnpm/node_modules/agent-base"
  },
  "299 debug pnpm:link": {
    "target": "/Users/sftc/.pnpm-store/v3/tmp/_npx/51825/5/node_modules/.pnpm/registry.npmmirror.com+graceful-fs@4.2.9/node_modules/graceful-fs",
    "link": "/Users/sftc/.pnpm-store/v3/tmp/_npx/51825/5/node_modules/.pnpm/node_modules/graceful-fs"
  },
  "300 debug pnpm:link": {
    "target": "/Users/sftc/.pnpm-store/v3/tmp/_npx/51825/5/node_modules/.pnpm/registry.nlark.com+retry@0.12.0/node_modules/retry",
    "link": "/Users/sftc/.pnpm-store/v3/tmp/_npx/51825/5/node_modules/.pnpm/node_modules/retry"
  },
  "301 debug pnpm:link": {
    "target": "/Users/sftc/.pnpm-store/v3/tmp/_npx/51825/5/node_modules/.pnpm/registry.npmmirror.com+signal-exit@3.0.6/node_modules/signal-exit",
    "link": "/Users/sftc/.pnpm-store/v3/tmp/_npx/51825/5/node_modules/.pnpm/node_modules/signal-exit"
  },
  "302 debug pnpm:link": {
    "target": "/Users/sftc/.pnpm-store/v3/tmp/_npx/51825/5/node_modules/.pnpm/registry.nlark.com+escape-string-regexp@2.0.0/node_modules/escape-string-regexp",
    "link": "/Users/sftc/.pnpm-store/v3/tmp/_npx/51825/5/node_modules/.pnpm/node_modules/escape-string-regexp"
  },
  "303 debug pnpm:link": {
    "target": "/Users/sftc/.pnpm-store/v3/tmp/_npx/51825/5/node_modules/.pnpm/registry.nlark.com+fd-slicer@1.1.0/node_modules/fd-slicer",
    "link": "/Users/sftc/.pnpm-store/v3/tmp/_npx/51825/5/node_modules/.pnpm/node_modules/fd-slicer"
  },
  "304 debug pnpm:link": {
    "target": "/Users/sftc/.pnpm-store/v3/tmp/_npx/51825/5/node_modules/.pnpm/registry.nlark.com+buffer-crc32@0.2.13/node_modules/buffer-crc32",
    "link": "/Users/sftc/.pnpm-store/v3/tmp/_npx/51825/5/node_modules/.pnpm/node_modules/buffer-crc32"
  },
  "305 debug pnpm:link": {
    "target": "/Users/sftc/.pnpm-store/v3/tmp/_npx/51825/5/node_modules/.pnpm/registry.npmmirror.com+ms@2.1.2/node_modules/ms",
    "link": "/Users/sftc/.pnpm-store/v3/tmp/_npx/51825/5/node_modules/.pnpm/node_modules/ms"
  },
  "306 debug pnpm:link": {
    "target": "/Users/sftc/.pnpm-store/v3/tmp/_npx/51825/5/node_modules/.pnpm/registry.npmmirror.com+glob@7.2.0/node_modules/glob",
    "link": "/Users/sftc/.pnpm-store/v3/tmp/_npx/51825/5/node_modules/.pnpm/node_modules/glob"
  },
  "307 debug pnpm:link": {
    "target": "/Users/sftc/.pnpm-store/v3/tmp/_npx/51825/5/node_modules/.pnpm/registry.nlark.com+socks@2.6.1/node_modules/socks",
    "link": "/Users/sftc/.pnpm-store/v3/tmp/_npx/51825/5/node_modules/.pnpm/node_modules/socks"
  },
  "308 debug pnpm:link": {
    "target": "/Users/sftc/.pnpm-store/v3/tmp/_npx/51825/5/node_modules/.pnpm/registry.nlark.com+pend@1.2.0/node_modules/pend",
    "link": "/Users/sftc/.pnpm-store/v3/tmp/_npx/51825/5/node_modules/.pnpm/node_modules/pend"
  },
  "309 debug pnpm:link": {
    "target": "/Users/sftc/.pnpm-store/v3/tmp/_npx/51825/5/node_modules/.pnpm/registry.nlark.com+pump@3.0.0/node_modules/pump",
    "link": "/Users/sftc/.pnpm-store/v3/tmp/_npx/51825/5/node_modules/.pnpm/node_modules/pump"
  },
  "310 debug pnpm:link": {
    "target": "/Users/sftc/.pnpm-store/v3/tmp/_npx/51825/5/node_modules/.pnpm/registry.nlark.com+ip@1.1.5/node_modules/ip",
    "link": "/Users/sftc/.pnpm-store/v3/tmp/_npx/51825/5/node_modules/.pnpm/node_modules/ip"
  },
  "311 debug pnpm:link": {
    "target": "/Users/sftc/.pnpm-store/v3/tmp/_npx/51825/5/node_modules/.pnpm/registry.nlark.com+smart-buffer@4.2.0/node_modules/smart-buffer",
    "link": "/Users/sftc/.pnpm-store/v3/tmp/_npx/51825/5/node_modules/.pnpm/node_modules/smart-buffer"
  },
  "312 debug pnpm:link": {
    "target": "/Users/sftc/.pnpm-store/v3/tmp/_npx/51825/5/node_modules/.pnpm/registry.npmmirror.com+@types+node@17.0.10/node_modules/@types/node",
    "link": "/Users/sftc/.pnpm-store/v3/tmp/_npx/51825/5/node_modules/@types/node"
  },
  "313 debug pnpm:link": {
    "target": "/Users/sftc/.pnpm-store/v3/tmp/_npx/51825/5/node_modules/.pnpm/registry.nlark.com+fs.realpath@1.0.0/node_modules/fs.realpath",
    "link": "/Users/sftc/.pnpm-store/v3/tmp/_npx/51825/5/node_modules/.pnpm/node_modules/fs.realpath"
  },
  "314 debug pnpm:link": {
    "target": "/Users/sftc/.pnpm-store/v3/tmp/_npx/51825/5/node_modules/.pnpm/registry.nlark.com+inflight@1.0.6/node_modules/inflight",
    "link": "/Users/sftc/.pnpm-store/v3/tmp/_npx/51825/5/node_modules/.pnpm/node_modules/inflight"
  },
  "315 debug pnpm:link": {
    "target": "/Users/sftc/.pnpm-store/v3/tmp/_npx/51825/5/node_modules/.pnpm/registry.nlark.com+inherits@2.0.4/node_modules/inherits",
    "link": "/Users/sftc/.pnpm-store/v3/tmp/_npx/51825/5/node_modules/.pnpm/node_modules/inherits"
  },
  "316 debug pnpm:link": {
    "target": "/Users/sftc/.pnpm-store/v3/tmp/_npx/51825/5/node_modules/.pnpm/registry.nlark.com+minimatch@3.0.4/node_modules/minimatch",
    "link": "/Users/sftc/.pnpm-store/v3/tmp/_npx/51825/5/node_modules/.pnpm/node_modules/minimatch"
  },
  "317 debug pnpm:link": {
    "target": "/Users/sftc/.pnpm-store/v3/tmp/_npx/51825/5/node_modules/.pnpm/registry.nlark.com+once@1.4.0/node_modules/once",
    "link": "/Users/sftc/.pnpm-store/v3/tmp/_npx/51825/5/node_modules/.pnpm/node_modules/once"
  },
  "318 debug pnpm:link": {
    "target": "/Users/sftc/.pnpm-store/v3/tmp/_npx/51825/5/node_modules/.pnpm/registry.nlark.com+path-is-absolute@1.0.1/node_modules/path-is-absolute",
    "link": "/Users/sftc/.pnpm-store/v3/tmp/_npx/51825/5/node_modules/.pnpm/node_modules/path-is-absolute"
  },
  "319 debug pnpm:link": {
    "target": "/Users/sftc/.pnpm-store/v3/tmp/_npx/51825/5/node_modules/.pnpm/registry.nlark.com+wrappy@1.0.2/node_modules/wrappy",
    "link": "/Users/sftc/.pnpm-store/v3/tmp/_npx/51825/5/node_modules/.pnpm/node_modules/wrappy"
  },
  "320 debug pnpm:link": {
    "target": "/Users/sftc/.pnpm-store/v3/tmp/_npx/51825/5/node_modules/.pnpm/registry.nlark.com+brace-expansion@1.1.11/node_modules/brace-expansion",
    "link": "/Users/sftc/.pnpm-store/v3/tmp/_npx/51825/5/node_modules/.pnpm/node_modules/brace-expansion"
  },
  "321 debug pnpm:link": {
    "target": "/Users/sftc/.pnpm-store/v3/tmp/_npx/51825/5/node_modules/.pnpm/registry.nlark.com+end-of-stream@1.4.4/node_modules/end-of-stream",
    "link": "/Users/sftc/.pnpm-store/v3/tmp/_npx/51825/5/node_modules/.pnpm/node_modules/end-of-stream"
  },
  "322 debug pnpm:link": {
    "target": "/Users/sftc/.pnpm-store/v3/tmp/_npx/51825/5/node_modules/.pnpm/registry.nlark.com+balanced-match@1.0.2/node_modules/balanced-match",
    "link": "/Users/sftc/.pnpm-store/v3/tmp/_npx/51825/5/node_modules/.pnpm/node_modules/balanced-match"
  },
  "323 debug pnpm:link": {
    "target": "/Users/sftc/.pnpm-store/v3/tmp/_npx/51825/5/node_modules/.pnpm/registry.nlark.com+concat-map@0.0.1/node_modules/concat-map",
    "link": "/Users/sftc/.pnpm-store/v3/tmp/_npx/51825/5/node_modules/.pnpm/node_modules/concat-map"
  },
  "324 debug pnpm:bins-conflict": {
    "binaryName": "playwright",
    "binsDir": "/Users/sftc/.pnpm-store/v3/tmp/_npx/51825/5/node_modules/.pnpm/registry.npmmirror.com+playwright@1.18.0/node_modules/playwright/node_modules/.bin",
    "linkedPkgName": "playwright",
    "skippedPkgName": "playwright-core"
  },
  "325 error pnpm": {
    "errno": -1,
    "code": "EPERM",
    "syscall": "chmod",
    "path": "/Users/sftc/.pnpm-store/v3/tmp/_npx/51825/5/node_modules/.pnpm/registry.npmmirror.com+playwright@1.18.0/node_modules/playwright/cli.js",
    "err": {
      "name": "pnpm",
      "message": "EPERM: operation not permitted, chmod '/Users/sftc/.pnpm-store/v3/tmp/_npx/51825/5/node_modules/.pnpm/registry.npmmirror.com+playwright@1.18.0/node_modules/playwright/cli.js'",
      "code": "EPERM",
      "stack": "pnpm: EPERM: operation not permitted, chmod '/Users/sftc/.pnpm-store/v3/tmp/_npx/51825/5/node_modules/.pnpm/registry.npmmirror.com+playwright@1.18.0/node_modules/playwright/cli.js'"
    }
  }
}